[2022-12-20 13:18:18] local.ERROR: View [welcome] not found. {"exception":"[object] (InvalidArgumentException(code: 0): View [welcome] not found. at C:\\Users\\alejo\\OneDrive\\Escritorio\\laravel_histovet\\vendor\\laravel\\framework\\src\\Illuminate\\View\\FileViewFinder.php:137)
[stacktrace]
#0 C:\\Users\\alejo\\OneDrive\\Escritorio\\laravel_histovet\\vendor\\laravel\\framework\\src\\Illuminate\\View\\FileViewFinder.php(79): Illuminate\\View\\FileViewFinder->findInPaths('welcome', Array)
#1 C:\\Users\\alejo\\OneDrive\\Escritorio\\laravel_histovet\\vendor\\laravel\\framework\\src\\Illuminate\\View\\Factory.php(131): Illuminate\\View\\FileViewFinder->find('welcome')
#2 C:\\Users\\alejo\\OneDrive\\Escritorio\\laravel_histovet\\vendor\\laravel\\framework\\src\\Illuminate\\Foundation\\helpers.php(970): Illuminate\\View\\Factory->make('welcome', Array, Array)
#3 C:\\Users\\alejo\\OneDrive\\Escritorio\\laravel_histovet\\routes\\web.php(16): view('welcome')
#4 C:\\Users\\alejo\\OneDrive\\Escritorio\\laravel_histovet\\vendor\\laravel\\framework\\src\\Illuminate\\Routing\\Route.php(205): Illuminate\\Routing\\RouteFileRegistrar->{closure}()
#5 C:\\Users\\alejo\\OneDrive\\Escritorio\\laravel_histovet\\vendor\\laravel\\framework\\src\\Illuminate\\Routing\\Route.php(179): Illuminate\\Routing\\Route->runCallable()
#6 C:\\Users\\alejo\\OneDrive\\Escritorio\\laravel_histovet\\vendor\\laravel\\framework\\src\\Illuminate\\Routing\\Router.php(681): Illuminate\\Routing\\Route->run()
#7 C:\\Users\\alejo\\OneDrive\\Escritorio\\laravel_histovet\\vendor\\laravel\\framework\\src\\Illuminate\\Pipeline\\Pipeline.php(130): Illuminate\\Routing\\Router->Illuminate\\Routing\\{closure}(Object(Illuminate\\Http\\Request))
#8 C:\\Users\\alejo\\OneDrive\\Escritorio\\laravel_histovet\\vendor\\laravel\\framework\\src\\Illuminate\\Routing\\Middleware\\SubstituteBindings.php(41): Illuminate\\Pipeline\\Pipeline->Illuminate\\Pipeline\\{closure}(Object(Illuminate\\Http\\Request))
#9 C:\\Users\\alejo\\OneDrive\\Escritorio\\laravel_histovet\\vendor\\laravel\\framework\\src\\Illuminate\\Pipeline\\Pipeline.php(171): Illuminate\\Routing\\Middleware\\SubstituteBindings->handle(Object(Illuminate\\Http\\Request), Object(Closure))
#10 C:\\Users\\alejo\\OneDrive\\Escritorio\\laravel_histovet\\vendor\\laravel\\framework\\src\\Illuminate\\Foundation\\Http\\Middleware\\VerifyCsrfToken.php(78): Illuminate\\Pipeline\\Pipeline->Illuminate\\Pipeline\\{closure}(Object(Illuminate\\Http\\Request))
#11 C:\\Users\\alejo\\OneDrive\\Escritorio\\laravel_histovet\\vendor\\laravel\\framework\\src\\Illuminate\\Pipeline\\Pipeline.php(171): Illuminate\\Foundation\\Http\\Middleware\\VerifyCsrfToken->handle(Object(Illuminate\\Http\\Request), Object(Closure))
#12 C:\\Users\\alejo\\OneDrive\\Escritorio\\laravel_histovet\\vendor\\laravel\\framework\\src\\Illuminate\\View\\Middleware\\ShareErrorsFromSession.php(49): Illuminate\\Pipeline\\Pipeline->Illuminate\\Pipeline\\{closure}(Object(Illuminate\\Http\\Request))
#13 C:\\Users\\alejo\\OneDrive\\Escritorio\\laravel_histovet\\vendor\\laravel\\framework\\src\\Illuminate\\Pipeline\\Pipeline.php(171): Illuminate\\View\\Middleware\\ShareErrorsFromSession->handle(Object(Illuminate\\Http\\Request), Object(Closure))
#14 C:\\Users\\alejo\\OneDrive\\Escritorio\\laravel_histovet\\vendor\\laravel\\framework\\src\\Illuminate\\Session\\Middleware\\StartSession.php(56): Illuminate\\Pipeline\\Pipeline->Illuminate\\Pipeline\\{closure}(Object(Illuminate\\Http\\Request))
#15 C:\\Users\\alejo\\OneDrive\\Escritorio\\laravel_histovet\\vendor\\laravel\\framework\\src\\Illuminate\\Pipeline\\Pipeline.php(171): Illuminate\\Session\\Middleware\\StartSession->handle(Object(Illuminate\\Http\\Request), Object(Closure))
#16 C:\\Users\\alejo\\OneDrive\\Escritorio\\laravel_histovet\\vendor\\laravel\\framework\\src\\Illuminate\\Cookie\\Middleware\\AddQueuedCookiesToResponse.php(37): Illuminate\\Pipeline\\Pipeline->Illuminate\\Pipeline\\{closure}(Object(Illuminate\\Http\\Request))
#17 C:\\Users\\alejo\\OneDrive\\Escritorio\\laravel_histovet\\vendor\\laravel\\framework\\src\\Illuminate\\Pipeline\\Pipeline.php(171): Illuminate\\Cookie\\Middleware\\AddQueuedCookiesToResponse->handle(Object(Illuminate\\Http\\Request), Object(Closure))
#18 C:\\Users\\alejo\\OneDrive\\Escritorio\\laravel_histovet\\vendor\\laravel\\framework\\src\\Illuminate\\Cookie\\Middleware\\EncryptCookies.php(67): Illuminate\\Pipeline\\Pipeline->Illuminate\\Pipeline\\{closure}(Object(Illuminate\\Http\\Request))
#19 C:\\Users\\alejo\\OneDrive\\Escritorio\\laravel_histovet\\vendor\\laravel\\framework\\src\\Illuminate\\Pipeline\\Pipeline.php(171): Illuminate\\Cookie\\Middleware\\EncryptCookies->handle(Object(Illuminate\\Http\\Request), Object(Closure))
#20 C:\\Users\\alejo\\OneDrive\\Escritorio\\laravel_histovet\\vendor\\laravel\\framework\\src\\Illuminate\\Pipeline\\Pipeline.php(105): Illuminate\\Pipeline\\Pipeline->Illuminate\\Pipeline\\{closure}(Object(Illuminate\\Http\\Request))
#21 C:\\Users\\alejo\\OneDrive\\Escritorio\\laravel_histovet\\vendor\\laravel\\framework\\src\\Illuminate\\Routing\\Router.php(683): Illuminate\\Pipeline\\Pipeline->then(Object(Closure))
#22 C:\\Users\\alejo\\OneDrive\\Escritorio\\laravel_histovet\\vendor\\laravel\\framework\\src\\Illuminate\\Routing\\Router.php(658): Illuminate\\Routing\\Router->runRouteWithinStack(Object(Illuminate\\Routing\\Route), Object(Illuminate\\Http\\Request))
#23 C:\\Users\\alejo\\OneDrive\\Escritorio\\laravel_histovet\\vendor\\laravel\\framework\\src\\Illuminate\\Routing\\Router.php(624): Illuminate\\Routing\\Router->runRoute(Object(Illuminate\\Http\\Request), Object(Illuminate\\Routing\\Route))
#24 C:\\Users\\alejo\\OneDrive\\Escritorio\\laravel_histovet\\vendor\\laravel\\framework\\src\\Illuminate\\Routing\\Router.php(613): Illuminate\\Routing\\Router->dispatchToRoute(Object(Illuminate\\Http\\Request))
#25 C:\\Users\\alejo\\OneDrive\\Escritorio\\laravel_histovet\\vendor\\laravel\\framework\\src\\Illuminate\\Foundation\\Http\\Kernel.php(170): Illuminate\\Routing\\Router->dispatch(Object(Illuminate\\Http\\Request))
#26 C:\\Users\\alejo\\OneDrive\\Escritorio\\laravel_histovet\\vendor\\laravel\\framework\\src\\Illuminate\\Pipeline\\Pipeline.php(130): Illuminate\\Foundation\\Http\\Kernel->Illuminate\\Foundation\\Http\\{closure}(Object(Illuminate\\Http\\Request))
#27 C:\\Users\\alejo\\OneDrive\\Escritorio\\laravel_histovet\\vendor\\laravel\\framework\\src\\Illuminate\\Foundation\\Http\\Middleware\\TransformsRequest.php(21): Illuminate\\Pipeline\\Pipeline->Illuminate\\Pipeline\\{closure}(Object(Illuminate\\Http\\Request))
#28 C:\\Users\\alejo\\OneDrive\\Escritorio\\laravel_histovet\\vendor\\laravel\\framework\\src\\Illuminate\\Pipeline\\Pipeline.php(171): Illuminate\\Foundation\\Http\\Middleware\\TransformsRequest->handle(Object(Illuminate\\Http\\Request), Object(Closure))
#29 C:\\Users\\alejo\\OneDrive\\Escritorio\\laravel_histovet\\vendor\\laravel\\framework\\src\\Illuminate\\Foundation\\Http\\Middleware\\TransformsRequest.php(21): Illuminate\\Pipeline\\Pipeline->Illuminate\\Pipeline\\{closure}(Object(Illuminate\\Http\\Request))
#30 C:\\Users\\alejo\\OneDrive\\Escritorio\\laravel_histovet\\vendor\\laravel\\framework\\src\\Illuminate\\Pipeline\\Pipeline.php(171): Illuminate\\Foundation\\Http\\Middleware\\TransformsRequest->handle(Object(Illuminate\\Http\\Request), Object(Closure))
#31 C:\\Users\\alejo\\OneDrive\\Escritorio\\laravel_histovet\\vendor\\laravel\\framework\\src\\Illuminate\\Foundation\\Http\\Middleware\\ValidatePostSize.php(27): Illuminate\\Pipeline\\Pipeline->Illuminate\\Pipeline\\{closure}(Object(Illuminate\\Http\\Request))
#32 C:\\Users\\alejo\\OneDrive\\Escritorio\\laravel_histovet\\vendor\\laravel\\framework\\src\\Illuminate\\Pipeline\\Pipeline.php(171): Illuminate\\Foundation\\Http\\Middleware\\ValidatePostSize->handle(Object(Illuminate\\Http\\Request), Object(Closure))
#33 C:\\Users\\alejo\\OneDrive\\Escritorio\\laravel_histovet\\vendor\\laravel\\framework\\src\\Illuminate\\Foundation\\Http\\Middleware\\CheckForMaintenanceMode.php(63): Illuminate\\Pipeline\\Pipeline->Illuminate\\Pipeline\\{closure}(Object(Illuminate\\Http\\Request))
#34 C:\\Users\\alejo\\OneDrive\\Escritorio\\laravel_histovet\\vendor\\laravel\\framework\\src\\Illuminate\\Pipeline\\Pipeline.php(171): Illuminate\\Foundation\\Http\\Middleware\\CheckForMaintenanceMode->handle(Object(Illuminate\\Http\\Request), Object(Closure))
#35 C:\\Users\\alejo\\OneDrive\\Escritorio\\laravel_histovet\\vendor\\fideloper\\proxy\\src\\TrustProxies.php(57): Illuminate\\Pipeline\\Pipeline->Illuminate\\Pipeline\\{closure}(Object(Illuminate\\Http\\Request))
#36 C:\\Users\\alejo\\OneDrive\\Escritorio\\laravel_histovet\\vendor\\laravel\\framework\\src\\Illuminate\\Pipeline\\Pipeline.php(171): Fideloper\\Proxy\\TrustProxies->handle(Object(Illuminate\\Http\\Request), Object(Closure))
#37 C:\\Users\\alejo\\OneDrive\\Escritorio\\laravel_histovet\\vendor\\laravel\\framework\\src\\Illuminate\\Pipeline\\Pipeline.php(105): Illuminate\\Pipeline\\Pipeline->Illuminate\\Pipeline\\{closure}(Object(Illuminate\\Http\\Request))
#38 C:\\Users\\alejo\\OneDrive\\Escritorio\\laravel_histovet\\vendor\\laravel\\framework\\src\\Illuminate\\Foundation\\Http\\Kernel.php(145): Illuminate\\Pipeline\\Pipeline->then(Object(Closure))
#39 C:\\Users\\alejo\\OneDrive\\Escritorio\\laravel_histovet\\vendor\\laravel\\framework\\src\\Illuminate\\Foundation\\Http\\Kernel.php(110): Illuminate\\Foundation\\Http\\Kernel->sendRequestThroughRouter(Object(Illuminate\\Http\\Request))
#40 C:\\Users\\alejo\\OneDrive\\Escritorio\\laravel_histovet\\public\\index.php(55): Illuminate\\Foundation\\Http\\Kernel->handle(Object(Illuminate\\Http\\Request))
#41 C:\\Users\\alejo\\OneDrive\\Escritorio\\laravel_histovet\\server.php(21): require_once('C:\\\\Users\\\\alejo\\\\...')
#42 {main}
"} 
[2022-12-20 13:18:20] local.ERROR: file_put_contents(C:\Users\alejo\OneDrive\Escritorio\laravel6_register_login_roles-master\storage\framework/sessions/btZNnH5Z4vCo36lQHMNnnItD52cLLiYQ0NW5ow3l): Failed to open stream: No such file or directory {"exception":"[object] (ErrorException(code: 0): file_put_contents(C:\\Users\\alejo\\OneDrive\\Escritorio\\laravel6_register_login_roles-master\\storage\\framework/sessions/btZNnH5Z4vCo36lQHMNnnItD52cLLiYQ0NW5ow3l): Failed to open stream: No such file or directory at C:\\Users\\alejo\\OneDrive\\Escritorio\\laravel_histovet\\vendor\\laravel\\framework\\src\\Illuminate\\Filesystem\\Filesystem.php:133)
[stacktrace]
#0 [internal function]: Illuminate\\Foundation\\Bootstrap\\HandleExceptions->handleError(2, 'file_put_conten...', 'C:\\\\Users\\\\alejo\\\\...', 133)
#1 C:\\Users\\alejo\\OneDrive\\Escritorio\\laravel_histovet\\vendor\\laravel\\framework\\src\\Illuminate\\Filesystem\\Filesystem.php(133): file_put_contents('C:\\\\Users\\\\alejo\\\\...', 'a:3:{s:6:\"_toke...', 2)
#2 C:\\Users\\alejo\\OneDrive\\Escritorio\\laravel_histovet\\vendor\\laravel\\framework\\src\\Illuminate\\Session\\FileSessionHandler.php(83): Illuminate\\Filesystem\\Filesystem->put('C:\\\\Users\\\\alejo\\\\...', 'a:3:{s:6:\"_toke...', true)
#3 C:\\Users\\alejo\\OneDrive\\Escritorio\\laravel_histovet\\vendor\\laravel\\framework\\src\\Illuminate\\Session\\Store.php(129): Illuminate\\Session\\FileSessionHandler->write('btZNnH5Z4vCo36l...', 'a:3:{s:6:\"_toke...')
#4 C:\\Users\\alejo\\OneDrive\\Escritorio\\laravel_histovet\\vendor\\laravel\\framework\\src\\Illuminate\\Session\\Middleware\\StartSession.php(170): Illuminate\\Session\\Store->save()
#5 C:\\Users\\alejo\\OneDrive\\Escritorio\\laravel_histovet\\vendor\\laravel\\framework\\src\\Illuminate\\Session\\Middleware\\StartSession.php(65): Illuminate\\Session\\Middleware\\StartSession->saveSession(Object(Illuminate\\Http\\Request))
#6 C:\\Users\\alejo\\OneDrive\\Escritorio\\laravel_histovet\\vendor\\laravel\\framework\\src\\Illuminate\\Pipeline\\Pipeline.php(171): Illuminate\\Session\\Middleware\\StartSession->handle(Object(Illuminate\\Http\\Request), Object(Closure))
#7 C:\\Users\\alejo\\OneDrive\\Escritorio\\laravel_histovet\\vendor\\laravel\\framework\\src\\Illuminate\\Cookie\\Middleware\\AddQueuedCookiesToResponse.php(37): Illuminate\\Pipeline\\Pipeline->Illuminate\\Pipeline\\{closure}(Object(Illuminate\\Http\\Request))
#8 C:\\Users\\alejo\\OneDrive\\Escritorio\\laravel_histovet\\vendor\\laravel\\framework\\src\\Illuminate\\Pipeline\\Pipeline.php(171): Illuminate\\Cookie\\Middleware\\AddQueuedCookiesToResponse->handle(Object(Illuminate\\Http\\Request), Object(Closure))
#9 C:\\Users\\alejo\\OneDrive\\Escritorio\\laravel_histovet\\vendor\\laravel\\framework\\src\\Illuminate\\Cookie\\Middleware\\EncryptCookies.php(67): Illuminate\\Pipeline\\Pipeline->Illuminate\\Pipeline\\{closure}(Object(Illuminate\\Http\\Request))
#10 C:\\Users\\alejo\\OneDrive\\Escritorio\\laravel_histovet\\vendor\\laravel\\framework\\src\\Illuminate\\Pipeline\\Pipeline.php(171): Illuminate\\Cookie\\Middleware\\EncryptCookies->handle(Object(Illuminate\\Http\\Request), Object(Closure))
#11 C:\\Users\\alejo\\OneDrive\\Escritorio\\laravel_histovet\\vendor\\laravel\\framework\\src\\Illuminate\\Pipeline\\Pipeline.php(105): Illuminate\\Pipeline\\Pipeline->Illuminate\\Pipeline\\{closure}(Object(Illuminate\\Http\\Request))
#12 C:\\Users\\alejo\\OneDrive\\Escritorio\\laravel_histovet\\vendor\\laravel\\framework\\src\\Illuminate\\Routing\\Router.php(683): Illuminate\\Pipeline\\Pipeline->then(Object(Closure))
#13 C:\\Users\\alejo\\OneDrive\\Escritorio\\laravel_histovet\\vendor\\laravel\\framework\\src\\Illuminate\\Routing\\Router.php(658): Illuminate\\Routing\\Router->runRouteWithinStack(Object(Illuminate\\Routing\\Route), Object(Illuminate\\Http\\Request))
#14 C:\\Users\\alejo\\OneDrive\\Escritorio\\laravel_histovet\\vendor\\laravel\\framework\\src\\Illuminate\\Routing\\Router.php(624): Illuminate\\Routing\\Router->runRoute(Object(Illuminate\\Http\\Request), Object(Illuminate\\Routing\\Route))
#15 C:\\Users\\alejo\\OneDrive\\Escritorio\\laravel_histovet\\vendor\\laravel\\framework\\src\\Illuminate\\Routing\\Router.php(613): Illuminate\\Routing\\Router->dispatchToRoute(Object(Illuminate\\Http\\Request))
#16 C:\\Users\\alejo\\OneDrive\\Escritorio\\laravel_histovet\\vendor\\laravel\\framework\\src\\Illuminate\\Foundation\\Http\\Kernel.php(170): Illuminate\\Routing\\Router->dispatch(Object(Illuminate\\Http\\Request))
#17 C:\\Users\\alejo\\OneDrive\\Escritorio\\laravel_histovet\\vendor\\laravel\\framework\\src\\Illuminate\\Pipeline\\Pipeline.php(130): Illuminate\\Foundation\\Http\\Kernel->Illuminate\\Foundation\\Http\\{closure}(Object(Illuminate\\Http\\Request))
#18 C:\\Users\\alejo\\OneDrive\\Escritorio\\laravel_histovet\\vendor\\laravel\\framework\\src\\Illuminate\\Foundation\\Http\\Middleware\\TransformsRequest.php(21): Illuminate\\Pipeline\\Pipeline->Illuminate\\Pipeline\\{closure}(Object(Illuminate\\Http\\Request))
#19 C:\\Users\\alejo\\OneDrive\\Escritorio\\laravel_histovet\\vendor\\laravel\\framework\\src\\Illuminate\\Pipeline\\Pipeline.php(171): Illuminate\\Foundation\\Http\\Middleware\\TransformsRequest->handle(Object(Illuminate\\Http\\Request), Object(Closure))
#20 C:\\Users\\alejo\\OneDrive\\Escritorio\\laravel_histovet\\vendor\\laravel\\framework\\src\\Illuminate\\Foundation\\Http\\Middleware\\TransformsRequest.php(21): Illuminate\\Pipeline\\Pipeline->Illuminate\\Pipeline\\{closure}(Object(Illuminate\\Http\\Request))
#21 C:\\Users\\alejo\\OneDrive\\Escritorio\\laravel_histovet\\vendor\\laravel\\framework\\src\\Illuminate\\Pipeline\\Pipeline.php(171): Illuminate\\Foundation\\Http\\Middleware\\TransformsRequest->handle(Object(Illuminate\\Http\\Request), Object(Closure))
#22 C:\\Users\\alejo\\OneDrive\\Escritorio\\laravel_histovet\\vendor\\laravel\\framework\\src\\Illuminate\\Foundation\\Http\\Middleware\\ValidatePostSize.php(27): Illuminate\\Pipeline\\Pipeline->Illuminate\\Pipeline\\{closure}(Object(Illuminate\\Http\\Request))
#23 C:\\Users\\alejo\\OneDrive\\Escritorio\\laravel_histovet\\vendor\\laravel\\framework\\src\\Illuminate\\Pipeline\\Pipeline.php(171): Illuminate\\Foundation\\Http\\Middleware\\ValidatePostSize->handle(Object(Illuminate\\Http\\Request), Object(Closure))
#24 C:\\Users\\alejo\\OneDrive\\Escritorio\\laravel_histovet\\vendor\\laravel\\framework\\src\\Illuminate\\Foundation\\Http\\Middleware\\CheckForMaintenanceMode.php(63): Illuminate\\Pipeline\\Pipeline->Illuminate\\Pipeline\\{closure}(Object(Illuminate\\Http\\Request))
#25 C:\\Users\\alejo\\OneDrive\\Escritorio\\laravel_histovet\\vendor\\laravel\\framework\\src\\Illuminate\\Pipeline\\Pipeline.php(171): Illuminate\\Foundation\\Http\\Middleware\\CheckForMaintenanceMode->handle(Object(Illuminate\\Http\\Request), Object(Closure))
#26 C:\\Users\\alejo\\OneDrive\\Escritorio\\laravel_histovet\\vendor\\fideloper\\proxy\\src\\TrustProxies.php(57): Illuminate\\Pipeline\\Pipeline->Illuminate\\Pipeline\\{closure}(Object(Illuminate\\Http\\Request))
#27 C:\\Users\\alejo\\OneDrive\\Escritorio\\laravel_histovet\\vendor\\laravel\\framework\\src\\Illuminate\\Pipeline\\Pipeline.php(171): Fideloper\\Proxy\\TrustProxies->handle(Object(Illuminate\\Http\\Request), Object(Closure))
#28 C:\\Users\\alejo\\OneDrive\\Escritorio\\laravel_histovet\\vendor\\laravel\\framework\\src\\Illuminate\\Pipeline\\Pipeline.php(105): Illuminate\\Pipeline\\Pipeline->Illuminate\\Pipeline\\{closure}(Object(Illuminate\\Http\\Request))
#29 C:\\Users\\alejo\\OneDrive\\Escritorio\\laravel_histovet\\vendor\\laravel\\framework\\src\\Illuminate\\Foundation\\Http\\Kernel.php(145): Illuminate\\Pipeline\\Pipeline->then(Object(Closure))
#30 C:\\Users\\alejo\\OneDrive\\Escritorio\\laravel_histovet\\vendor\\laravel\\framework\\src\\Illuminate\\Foundation\\Http\\Kernel.php(110): Illuminate\\Foundation\\Http\\Kernel->sendRequestThroughRouter(Object(Illuminate\\Http\\Request))
#31 C:\\Users\\alejo\\OneDrive\\Escritorio\\laravel_histovet\\public\\index.php(55): Illuminate\\Foundation\\Http\\Kernel->handle(Object(Illuminate\\Http\\Request))
#32 C:\\Users\\alejo\\OneDrive\\Escritorio\\laravel_histovet\\server.php(21): require_once('C:\\\\Users\\\\alejo\\\\...')
#33 {main}
"} 
[2022-12-20 13:23:37] local.ERROR: file_put_contents(C:\Users\alejo\OneDrive\Escritorio\laravel6_register_login_roles-master\storage\framework\views/2f4db6676a19e7c8320b3604a5917173c5904925.php): Failed to open stream: No such file or directory {"exception":"[object] (ErrorException(code: 0): file_put_contents(C:\\Users\\alejo\\OneDrive\\Escritorio\\laravel6_register_login_roles-master\\storage\\framework\\views/2f4db6676a19e7c8320b3604a5917173c5904925.php): Failed to open stream: No such file or directory at C:\\Users\\alejo\\OneDrive\\Escritorio\\laravel6_register_login_roles-master\\vendor\\laravel\\framework\\src\\Illuminate\\Filesystem\\Filesystem.php:133)
[stacktrace]
#0 [internal function]: Illuminate\\Foundation\\Bootstrap\\HandleExceptions->handleError(2, 'file_put_conten...', 'C:\\\\Users\\\\alejo\\\\...', 133)
#1 C:\\Users\\alejo\\OneDrive\\Escritorio\\laravel6_register_login_roles-master\\vendor\\laravel\\framework\\src\\Illuminate\\Filesystem\\Filesystem.php(133): file_put_contents('C:\\\\Users\\\\alejo\\\\...', '<!DOCTYPE html>...', 0)
#2 C:\\Users\\alejo\\OneDrive\\Escritorio\\laravel6_register_login_roles-master\\vendor\\laravel\\framework\\src\\Illuminate\\View\\Compilers\\BladeCompiler.php(129): Illuminate\\Filesystem\\Filesystem->put('C:\\\\Users\\\\alejo\\\\...', '<!DOCTYPE html>...')
#3 C:\\Users\\alejo\\OneDrive\\Escritorio\\laravel6_register_login_roles-master\\vendor\\laravel\\framework\\src\\Illuminate\\View\\Engines\\CompilerEngine.php(51): Illuminate\\View\\Compilers\\BladeCompiler->compile('C:\\\\Users\\\\alejo\\\\...')
#4 C:\\Users\\alejo\\OneDrive\\Escritorio\\laravel6_register_login_roles-master\\vendor\\facade\\ignition\\src\\Views\\Engines\\CompilerEngine.php(36): Illuminate\\View\\Engines\\CompilerEngine->get('C:\\\\Users\\\\alejo\\\\...', Array)
#5 C:\\Users\\alejo\\OneDrive\\Escritorio\\laravel6_register_login_roles-master\\vendor\\laravel\\framework\\src\\Illuminate\\View\\View.php(143): Facade\\Ignition\\Views\\Engines\\CompilerEngine->get('C:\\\\Users\\\\alejo\\\\...', Array)
#6 C:\\Users\\alejo\\OneDrive\\Escritorio\\laravel6_register_login_roles-master\\vendor\\laravel\\framework\\src\\Illuminate\\View\\View.php(126): Illuminate\\View\\View->getContents()
#7 C:\\Users\\alejo\\OneDrive\\Escritorio\\laravel6_register_login_roles-master\\vendor\\laravel\\framework\\src\\Illuminate\\View\\View.php(91): Illuminate\\View\\View->renderContents()
#8 C:\\Users\\alejo\\OneDrive\\Escritorio\\laravel6_register_login_roles-master\\vendor\\laravel\\framework\\src\\Illuminate\\Http\\Response.php(42): Illuminate\\View\\View->render()
#9 C:\\Users\\alejo\\OneDrive\\Escritorio\\laravel6_register_login_roles-master\\vendor\\symfony\\http-foundation\\Response.php(205): Illuminate\\Http\\Response->setContent(Object(Illuminate\\View\\View))
#10 C:\\Users\\alejo\\OneDrive\\Escritorio\\laravel6_register_login_roles-master\\vendor\\laravel\\framework\\src\\Illuminate\\Routing\\Router.php(749): Symfony\\Component\\HttpFoundation\\Response->__construct(Object(Illuminate\\View\\View), 200, Array)
#11 C:\\Users\\alejo\\OneDrive\\Escritorio\\laravel6_register_login_roles-master\\vendor\\laravel\\framework\\src\\Illuminate\\Routing\\Router.php(721): Illuminate\\Routing\\Router::toResponse(Object(Illuminate\\Http\\Request), Object(Illuminate\\View\\View))
#12 C:\\Users\\alejo\\OneDrive\\Escritorio\\laravel6_register_login_roles-master\\vendor\\laravel\\framework\\src\\Illuminate\\Routing\\Router.php(681): Illuminate\\Routing\\Router->prepareResponse(Object(Illuminate\\Http\\Request), Object(Illuminate\\View\\View))
#13 C:\\Users\\alejo\\OneDrive\\Escritorio\\laravel6_register_login_roles-master\\vendor\\laravel\\framework\\src\\Illuminate\\Pipeline\\Pipeline.php(130): Illuminate\\Routing\\Router->Illuminate\\Routing\\{closure}(Object(Illuminate\\Http\\Request))
#14 C:\\Users\\alejo\\OneDrive\\Escritorio\\laravel6_register_login_roles-master\\vendor\\laravel\\framework\\src\\Illuminate\\Routing\\Middleware\\SubstituteBindings.php(41): Illuminate\\Pipeline\\Pipeline->Illuminate\\Pipeline\\{closure}(Object(Illuminate\\Http\\Request))
#15 C:\\Users\\alejo\\OneDrive\\Escritorio\\laravel6_register_login_roles-master\\vendor\\laravel\\framework\\src\\Illuminate\\Pipeline\\Pipeline.php(171): Illuminate\\Routing\\Middleware\\SubstituteBindings->handle(Object(Illuminate\\Http\\Request), Object(Closure))
#16 C:\\Users\\alejo\\OneDrive\\Escritorio\\laravel6_register_login_roles-master\\vendor\\laravel\\framework\\src\\Illuminate\\Foundation\\Http\\Middleware\\VerifyCsrfToken.php(78): Illuminate\\Pipeline\\Pipeline->Illuminate\\Pipeline\\{closure}(Object(Illuminate\\Http\\Request))
#17 C:\\Users\\alejo\\OneDrive\\Escritorio\\laravel6_register_login_roles-master\\vendor\\laravel\\framework\\src\\Illuminate\\Pipeline\\Pipeline.php(171): Illuminate\\Foundation\\Http\\Middleware\\VerifyCsrfToken->handle(Object(Illuminate\\Http\\Request), Object(Closure))
#18 C:\\Users\\alejo\\OneDrive\\Escritorio\\laravel6_register_login_roles-master\\vendor\\laravel\\framework\\src\\Illuminate\\View\\Middleware\\ShareErrorsFromSession.php(49): Illuminate\\Pipeline\\Pipeline->Illuminate\\Pipeline\\{closure}(Object(Illuminate\\Http\\Request))
#19 C:\\Users\\alejo\\OneDrive\\Escritorio\\laravel6_register_login_roles-master\\vendor\\laravel\\framework\\src\\Illuminate\\Pipeline\\Pipeline.php(171): Illuminate\\View\\Middleware\\ShareErrorsFromSession->handle(Object(Illuminate\\Http\\Request), Object(Closure))
#20 C:\\Users\\alejo\\OneDrive\\Escritorio\\laravel6_register_login_roles-master\\vendor\\laravel\\framework\\src\\Illuminate\\Session\\Middleware\\StartSession.php(56): Illuminate\\Pipeline\\Pipeline->Illuminate\\Pipeline\\{closure}(Object(Illuminate\\Http\\Request))
#21 C:\\Users\\alejo\\OneDrive\\Escritorio\\laravel6_register_login_roles-master\\vendor\\laravel\\framework\\src\\Illuminate\\Pipeline\\Pipeline.php(171): Illuminate\\Session\\Middleware\\StartSession->handle(Object(Illuminate\\Http\\Request), Object(Closure))
#22 C:\\Users\\alejo\\OneDrive\\Escritorio\\laravel6_register_login_roles-master\\vendor\\laravel\\framework\\src\\Illuminate\\Cookie\\Middleware\\AddQueuedCookiesToResponse.php(37): Illuminate\\Pipeline\\Pipeline->Illuminate\\Pipeline\\{closure}(Object(Illuminate\\Http\\Request))
#23 C:\\Users\\alejo\\OneDrive\\Escritorio\\laravel6_register_login_roles-master\\vendor\\laravel\\framework\\src\\Illuminate\\Pipeline\\Pipeline.php(171): Illuminate\\Cookie\\Middleware\\AddQueuedCookiesToResponse->handle(Object(Illuminate\\Http\\Request), Object(Closure))
#24 C:\\Users\\alejo\\OneDrive\\Escritorio\\laravel6_register_login_roles-master\\vendor\\laravel\\framework\\src\\Illuminate\\Cookie\\Middleware\\EncryptCookies.php(67): Illuminate\\Pipeline\\Pipeline->Illuminate\\Pipeline\\{closure}(Object(Illuminate\\Http\\Request))
#25 C:\\Users\\alejo\\OneDrive\\Escritorio\\laravel6_register_login_roles-master\\vendor\\laravel\\framework\\src\\Illuminate\\Pipeline\\Pipeline.php(171): Illuminate\\Cookie\\Middleware\\EncryptCookies->handle(Object(Illuminate\\Http\\Request), Object(Closure))
#26 C:\\Users\\alejo\\OneDrive\\Escritorio\\laravel6_register_login_roles-master\\vendor\\laravel\\framework\\src\\Illuminate\\Pipeline\\Pipeline.php(105): Illuminate\\Pipeline\\Pipeline->Illuminate\\Pipeline\\{closure}(Object(Illuminate\\Http\\Request))
#27 C:\\Users\\alejo\\OneDrive\\Escritorio\\laravel6_register_login_roles-master\\vendor\\laravel\\framework\\src\\Illuminate\\Routing\\Router.php(683): Illuminate\\Pipeline\\Pipeline->then(Object(Closure))
#28 C:\\Users\\alejo\\OneDrive\\Escritorio\\laravel6_register_login_roles-master\\vendor\\laravel\\framework\\src\\Illuminate\\Routing\\Router.php(658): Illuminate\\Routing\\Router->runRouteWithinStack(Object(Illuminate\\Routing\\Route), Object(Illuminate\\Http\\Request))
#29 C:\\Users\\alejo\\OneDrive\\Escritorio\\laravel6_register_login_roles-master\\vendor\\laravel\\framework\\src\\Illuminate\\Routing\\Router.php(624): Illuminate\\Routing\\Router->runRoute(Object(Illuminate\\Http\\Request), Object(Illuminate\\Routing\\Route))
#30 C:\\Users\\alejo\\OneDrive\\Escritorio\\laravel6_register_login_roles-master\\vendor\\laravel\\framework\\src\\Illuminate\\Routing\\Router.php(613): Illuminate\\Routing\\Router->dispatchToRoute(Object(Illuminate\\Http\\Request))
#31 C:\\Users\\alejo\\OneDrive\\Escritorio\\laravel6_register_login_roles-master\\vendor\\laravel\\framework\\src\\Illuminate\\Foundation\\Http\\Kernel.php(170): Illuminate\\Routing\\Router->dispatch(Object(Illuminate\\Http\\Request))
#32 C:\\Users\\alejo\\OneDrive\\Escritorio\\laravel6_register_login_roles-master\\vendor\\laravel\\framework\\src\\Illuminate\\Pipeline\\Pipeline.php(130): Illuminate\\Foundation\\Http\\Kernel->Illuminate\\Foundation\\Http\\{closure}(Object(Illuminate\\Http\\Request))
#33 C:\\Users\\alejo\\OneDrive\\Escritorio\\laravel6_register_login_roles-master\\vendor\\laravel\\framework\\src\\Illuminate\\Foundation\\Http\\Middleware\\TransformsRequest.php(21): Illuminate\\Pipeline\\Pipeline->Illuminate\\Pipeline\\{closure}(Object(Illuminate\\Http\\Request))
#34 C:\\Users\\alejo\\OneDrive\\Escritorio\\laravel6_register_login_roles-master\\vendor\\laravel\\framework\\src\\Illuminate\\Pipeline\\Pipeline.php(171): Illuminate\\Foundation\\Http\\Middleware\\TransformsRequest->handle(Object(Illuminate\\Http\\Request), Object(Closure))
#35 C:\\Users\\alejo\\OneDrive\\Escritorio\\laravel6_register_login_roles-master\\vendor\\laravel\\framework\\src\\Illuminate\\Foundation\\Http\\Middleware\\TransformsRequest.php(21): Illuminate\\Pipeline\\Pipeline->Illuminate\\Pipeline\\{closure}(Object(Illuminate\\Http\\Request))
#36 C:\\Users\\alejo\\OneDrive\\Escritorio\\laravel6_register_login_roles-master\\vendor\\laravel\\framework\\src\\Illuminate\\Pipeline\\Pipeline.php(171): Illuminate\\Foundation\\Http\\Middleware\\TransformsRequest->handle(Object(Illuminate\\Http\\Request), Object(Closure))
#37 C:\\Users\\alejo\\OneDrive\\Escritorio\\laravel6_register_login_roles-master\\vendor\\laravel\\framework\\src\\Illuminate\\Foundation\\Http\\Middleware\\ValidatePostSize.php(27): Illuminate\\Pipeline\\Pipeline->Illuminate\\Pipeline\\{closure}(Object(Illuminate\\Http\\Request))
#38 C:\\Users\\alejo\\OneDrive\\Escritorio\\laravel6_register_login_roles-master\\vendor\\laravel\\framework\\src\\Illuminate\\Pipeline\\Pipeline.php(171): Illuminate\\Foundation\\Http\\Middleware\\ValidatePostSize->handle(Object(Illuminate\\Http\\Request), Object(Closure))
#39 C:\\Users\\alejo\\OneDrive\\Escritorio\\laravel6_register_login_roles-master\\vendor\\laravel\\framework\\src\\Illuminate\\Foundation\\Http\\Middleware\\CheckForMaintenanceMode.php(63): Illuminate\\Pipeline\\Pipeline->Illuminate\\Pipeline\\{closure}(Object(Illuminate\\Http\\Request))
#40 C:\\Users\\alejo\\OneDrive\\Escritorio\\laravel6_register_login_roles-master\\vendor\\laravel\\framework\\src\\Illuminate\\Pipeline\\Pipeline.php(171): Illuminate\\Foundation\\Http\\Middleware\\CheckForMaintenanceMode->handle(Object(Illuminate\\Http\\Request), Object(Closure))
#41 C:\\Users\\alejo\\OneDrive\\Escritorio\\laravel6_register_login_roles-master\\vendor\\fideloper\\proxy\\src\\TrustProxies.php(57): Illuminate\\Pipeline\\Pipeline->Illuminate\\Pipeline\\{closure}(Object(Illuminate\\Http\\Request))
#42 C:\\Users\\alejo\\OneDrive\\Escritorio\\laravel6_register_login_roles-master\\vendor\\laravel\\framework\\src\\Illuminate\\Pipeline\\Pipeline.php(171): Fideloper\\Proxy\\TrustProxies->handle(Object(Illuminate\\Http\\Request), Object(Closure))
#43 C:\\Users\\alejo\\OneDrive\\Escritorio\\laravel6_register_login_roles-master\\vendor\\laravel\\framework\\src\\Illuminate\\Pipeline\\Pipeline.php(105): Illuminate\\Pipeline\\Pipeline->Illuminate\\Pipeline\\{closure}(Object(Illuminate\\Http\\Request))
#44 C:\\Users\\alejo\\OneDrive\\Escritorio\\laravel6_register_login_roles-master\\vendor\\laravel\\framework\\src\\Illuminate\\Foundation\\Http\\Kernel.php(145): Illuminate\\Pipeline\\Pipeline->then(Object(Closure))
#45 C:\\Users\\alejo\\OneDrive\\Escritorio\\laravel6_register_login_roles-master\\vendor\\laravel\\framework\\src\\Illuminate\\Foundation\\Http\\Kernel.php(110): Illuminate\\Foundation\\Http\\Kernel->sendRequestThroughRouter(Object(Illuminate\\Http\\Request))
#46 C:\\Users\\alejo\\OneDrive\\Escritorio\\laravel6_register_login_roles-master\\public\\index.php(55): Illuminate\\Foundation\\Http\\Kernel->handle(Object(Illuminate\\Http\\Request))
#47 C:\\Users\\alejo\\OneDrive\\Escritorio\\laravel6_register_login_roles-master\\server.php(21): require_once('C:\\\\Users\\\\alejo\\\\...')
#48 {main}
"} 
[2022-12-20 13:23:38] local.ERROR: file_put_contents(C:\Users\alejo\OneDrive\Escritorio\laravel6_register_login_roles-master\storage\framework/sessions/Xg6k3Hklk1NWDR3LwVFsBhWAyM5fCDQ0Cw5zkZ0E): Failed to open stream: No such file or directory {"exception":"[object] (ErrorException(code: 0): file_put_contents(C:\\Users\\alejo\\OneDrive\\Escritorio\\laravel6_register_login_roles-master\\storage\\framework/sessions/Xg6k3Hklk1NWDR3LwVFsBhWAyM5fCDQ0Cw5zkZ0E): Failed to open stream: No such file or directory at C:\\Users\\alejo\\OneDrive\\Escritorio\\laravel6_register_login_roles-master\\vendor\\laravel\\framework\\src\\Illuminate\\Filesystem\\Filesystem.php:133)
[stacktrace]
#0 [internal function]: Illuminate\\Foundation\\Bootstrap\\HandleExceptions->handleError(2, 'file_put_conten...', 'C:\\\\Users\\\\alejo\\\\...', 133)
#1 C:\\Users\\alejo\\OneDrive\\Escritorio\\laravel6_register_login_roles-master\\vendor\\laravel\\framework\\src\\Illuminate\\Filesystem\\Filesystem.php(133): file_put_contents('C:\\\\Users\\\\alejo\\\\...', 'a:3:{s:6:\"_toke...', 2)
#2 C:\\Users\\alejo\\OneDrive\\Escritorio\\laravel6_register_login_roles-master\\vendor\\laravel\\framework\\src\\Illuminate\\Session\\FileSessionHandler.php(83): Illuminate\\Filesystem\\Filesystem->put('C:\\\\Users\\\\alejo\\\\...', 'a:3:{s:6:\"_toke...', true)
#3 C:\\Users\\alejo\\OneDrive\\Escritorio\\laravel6_register_login_roles-master\\vendor\\laravel\\framework\\src\\Illuminate\\Session\\Store.php(129): Illuminate\\Session\\FileSessionHandler->write('Xg6k3Hklk1NWDR3...', 'a:3:{s:6:\"_toke...')
#4 C:\\Users\\alejo\\OneDrive\\Escritorio\\laravel6_register_login_roles-master\\vendor\\laravel\\framework\\src\\Illuminate\\Session\\Middleware\\StartSession.php(170): Illuminate\\Session\\Store->save()
#5 C:\\Users\\alejo\\OneDrive\\Escritorio\\laravel6_register_login_roles-master\\vendor\\laravel\\framework\\src\\Illuminate\\Session\\Middleware\\StartSession.php(65): Illuminate\\Session\\Middleware\\StartSession->saveSession(Object(Illuminate\\Http\\Request))
#6 C:\\Users\\alejo\\OneDrive\\Escritorio\\laravel6_register_login_roles-master\\vendor\\laravel\\framework\\src\\Illuminate\\Pipeline\\Pipeline.php(171): Illuminate\\Session\\Middleware\\StartSession->handle(Object(Illuminate\\Http\\Request), Object(Closure))
#7 C:\\Users\\alejo\\OneDrive\\Escritorio\\laravel6_register_login_roles-master\\vendor\\laravel\\framework\\src\\Illuminate\\Cookie\\Middleware\\AddQueuedCookiesToResponse.php(37): Illuminate\\Pipeline\\Pipeline->Illuminate\\Pipeline\\{closure}(Object(Illuminate\\Http\\Request))
#8 C:\\Users\\alejo\\OneDrive\\Escritorio\\laravel6_register_login_roles-master\\vendor\\laravel\\framework\\src\\Illuminate\\Pipeline\\Pipeline.php(171): Illuminate\\Cookie\\Middleware\\AddQueuedCookiesToResponse->handle(Object(Illuminate\\Http\\Request), Object(Closure))
#9 C:\\Users\\alejo\\OneDrive\\Escritorio\\laravel6_register_login_roles-master\\vendor\\laravel\\framework\\src\\Illuminate\\Cookie\\Middleware\\EncryptCookies.php(67): Illuminate\\Pipeline\\Pipeline->Illuminate\\Pipeline\\{closure}(Object(Illuminate\\Http\\Request))
#10 C:\\Users\\alejo\\OneDrive\\Escritorio\\laravel6_register_login_roles-master\\vendor\\laravel\\framework\\src\\Illuminate\\Pipeline\\Pipeline.php(171): Illuminate\\Cookie\\Middleware\\EncryptCookies->handle(Object(Illuminate\\Http\\Request), Object(Closure))
#11 C:\\Users\\alejo\\OneDrive\\Escritorio\\laravel6_register_login_roles-master\\vendor\\laravel\\framework\\src\\Illuminate\\Pipeline\\Pipeline.php(105): Illuminate\\Pipeline\\Pipeline->Illuminate\\Pipeline\\{closure}(Object(Illuminate\\Http\\Request))
#12 C:\\Users\\alejo\\OneDrive\\Escritorio\\laravel6_register_login_roles-master\\vendor\\laravel\\framework\\src\\Illuminate\\Routing\\Router.php(683): Illuminate\\Pipeline\\Pipeline->then(Object(Closure))
#13 C:\\Users\\alejo\\OneDrive\\Escritorio\\laravel6_register_login_roles-master\\vendor\\laravel\\framework\\src\\Illuminate\\Routing\\Router.php(658): Illuminate\\Routing\\Router->runRouteWithinStack(Object(Illuminate\\Routing\\Route), Object(Illuminate\\Http\\Request))
#14 C:\\Users\\alejo\\OneDrive\\Escritorio\\laravel6_register_login_roles-master\\vendor\\laravel\\framework\\src\\Illuminate\\Routing\\Router.php(624): Illuminate\\Routing\\Router->runRoute(Object(Illuminate\\Http\\Request), Object(Illuminate\\Routing\\Route))
#15 C:\\Users\\alejo\\OneDrive\\Escritorio\\laravel6_register_login_roles-master\\vendor\\laravel\\framework\\src\\Illuminate\\Routing\\Router.php(613): Illuminate\\Routing\\Router->dispatchToRoute(Object(Illuminate\\Http\\Request))
#16 C:\\Users\\alejo\\OneDrive\\Escritorio\\laravel6_register_login_roles-master\\vendor\\laravel\\framework\\src\\Illuminate\\Foundation\\Http\\Kernel.php(170): Illuminate\\Routing\\Router->dispatch(Object(Illuminate\\Http\\Request))
#17 C:\\Users\\alejo\\OneDrive\\Escritorio\\laravel6_register_login_roles-master\\vendor\\laravel\\framework\\src\\Illuminate\\Pipeline\\Pipeline.php(130): Illuminate\\Foundation\\Http\\Kernel->Illuminate\\Foundation\\Http\\{closure}(Object(Illuminate\\Http\\Request))
#18 C:\\Users\\alejo\\OneDrive\\Escritorio\\laravel6_register_login_roles-master\\vendor\\laravel\\framework\\src\\Illuminate\\Foundation\\Http\\Middleware\\TransformsRequest.php(21): Illuminate\\Pipeline\\Pipeline->Illuminate\\Pipeline\\{closure}(Object(Illuminate\\Http\\Request))
#19 C:\\Users\\alejo\\OneDrive\\Escritorio\\laravel6_register_login_roles-master\\vendor\\laravel\\framework\\src\\Illuminate\\Pipeline\\Pipeline.php(171): Illuminate\\Foundation\\Http\\Middleware\\TransformsRequest->handle(Object(Illuminate\\Http\\Request), Object(Closure))
#20 C:\\Users\\alejo\\OneDrive\\Escritorio\\laravel6_register_login_roles-master\\vendor\\laravel\\framework\\src\\Illuminate\\Foundation\\Http\\Middleware\\TransformsRequest.php(21): Illuminate\\Pipeline\\Pipeline->Illuminate\\Pipeline\\{closure}(Object(Illuminate\\Http\\Request))
#21 C:\\Users\\alejo\\OneDrive\\Escritorio\\laravel6_register_login_roles-master\\vendor\\laravel\\framework\\src\\Illuminate\\Pipeline\\Pipeline.php(171): Illuminate\\Foundation\\Http\\Middleware\\TransformsRequest->handle(Object(Illuminate\\Http\\Request), Object(Closure))
#22 C:\\Users\\alejo\\OneDrive\\Escritorio\\laravel6_register_login_roles-master\\vendor\\laravel\\framework\\src\\Illuminate\\Foundation\\Http\\Middleware\\ValidatePostSize.php(27): Illuminate\\Pipeline\\Pipeline->Illuminate\\Pipeline\\{closure}(Object(Illuminate\\Http\\Request))
#23 C:\\Users\\alejo\\OneDrive\\Escritorio\\laravel6_register_login_roles-master\\vendor\\laravel\\framework\\src\\Illuminate\\Pipeline\\Pipeline.php(171): Illuminate\\Foundation\\Http\\Middleware\\ValidatePostSize->handle(Object(Illuminate\\Http\\Request), Object(Closure))
#24 C:\\Users\\alejo\\OneDrive\\Escritorio\\laravel6_register_login_roles-master\\vendor\\laravel\\framework\\src\\Illuminate\\Foundation\\Http\\Middleware\\CheckForMaintenanceMode.php(63): Illuminate\\Pipeline\\Pipeline->Illuminate\\Pipeline\\{closure}(Object(Illuminate\\Http\\Request))
#25 C:\\Users\\alejo\\OneDrive\\Escritorio\\laravel6_register_login_roles-master\\vendor\\laravel\\framework\\src\\Illuminate\\Pipeline\\Pipeline.php(171): Illuminate\\Foundation\\Http\\Middleware\\CheckForMaintenanceMode->handle(Object(Illuminate\\Http\\Request), Object(Closure))
#26 C:\\Users\\alejo\\OneDrive\\Escritorio\\laravel6_register_login_roles-master\\vendor\\fideloper\\proxy\\src\\TrustProxies.php(57): Illuminate\\Pipeline\\Pipeline->Illuminate\\Pipeline\\{closure}(Object(Illuminate\\Http\\Request))
#27 C:\\Users\\alejo\\OneDrive\\Escritorio\\laravel6_register_login_roles-master\\vendor\\laravel\\framework\\src\\Illuminate\\Pipeline\\Pipeline.php(171): Fideloper\\Proxy\\TrustProxies->handle(Object(Illuminate\\Http\\Request), Object(Closure))
#28 C:\\Users\\alejo\\OneDrive\\Escritorio\\laravel6_register_login_roles-master\\vendor\\laravel\\framework\\src\\Illuminate\\Pipeline\\Pipeline.php(105): Illuminate\\Pipeline\\Pipeline->Illuminate\\Pipeline\\{closure}(Object(Illuminate\\Http\\Request))
#29 C:\\Users\\alejo\\OneDrive\\Escritorio\\laravel6_register_login_roles-master\\vendor\\laravel\\framework\\src\\Illuminate\\Foundation\\Http\\Kernel.php(145): Illuminate\\Pipeline\\Pipeline->then(Object(Closure))
#30 C:\\Users\\alejo\\OneDrive\\Escritorio\\laravel6_register_login_roles-master\\vendor\\laravel\\framework\\src\\Illuminate\\Foundation\\Http\\Kernel.php(110): Illuminate\\Foundation\\Http\\Kernel->sendRequestThroughRouter(Object(Illuminate\\Http\\Request))
#31 C:\\Users\\alejo\\OneDrive\\Escritorio\\laravel6_register_login_roles-master\\public\\index.php(55): Illuminate\\Foundation\\Http\\Kernel->handle(Object(Illuminate\\Http\\Request))
#32 C:\\Users\\alejo\\OneDrive\\Escritorio\\laravel6_register_login_roles-master\\server.php(21): require_once('C:\\\\Users\\\\alejo\\\\...')
#33 {main}
"} 
[2022-12-20 13:26:56] local.ERROR: Please provide a valid cache path. {"exception":"[object] (InvalidArgumentException(code: 0): Please provide a valid cache path. at C:\\Users\\alejo\\OneDrive\\Escritorio\\laravel6_register_login_roles-master\\vendor\\laravel\\framework\\src\\Illuminate\\View\\Compilers\\Compiler.php:36)
[stacktrace]
#0 C:\\Users\\alejo\\OneDrive\\Escritorio\\laravel6_register_login_roles-master\\vendor\\laravel\\framework\\src\\Illuminate\\View\\ViewServiceProvider.php(92): Illuminate\\View\\Compilers\\Compiler->__construct(Object(Illuminate\\Filesystem\\Filesystem), false)
#1 C:\\Users\\alejo\\OneDrive\\Escritorio\\laravel6_register_login_roles-master\\vendor\\laravel\\framework\\src\\Illuminate\\Container\\Container.php(799): Illuminate\\View\\ViewServiceProvider->Illuminate\\View\\{closure}(Object(Illuminate\\Foundation\\Application), Array)
#2 C:\\Users\\alejo\\OneDrive\\Escritorio\\laravel6_register_login_roles-master\\vendor\\laravel\\framework\\src\\Illuminate\\Container\\Container.php(681): Illuminate\\Container\\Container->build(Object(Closure))
#3 C:\\Users\\alejo\\OneDrive\\Escritorio\\laravel6_register_login_roles-master\\vendor\\laravel\\framework\\src\\Illuminate\\Foundation\\Application.php(785): Illuminate\\Container\\Container->resolve('blade.compiler', Array, true)
#4 C:\\Users\\alejo\\OneDrive\\Escritorio\\laravel6_register_login_roles-master\\vendor\\laravel\\framework\\src\\Illuminate\\Container\\Container.php(629): Illuminate\\Foundation\\Application->resolve('blade.compiler', Array)
#5 C:\\Users\\alejo\\OneDrive\\Escritorio\\laravel6_register_login_roles-master\\vendor\\laravel\\framework\\src\\Illuminate\\Foundation\\Application.php(770): Illuminate\\Container\\Container->make('blade.compiler', Array)
#6 C:\\Users\\alejo\\OneDrive\\Escritorio\\laravel6_register_login_roles-master\\vendor\\laravel\\framework\\src\\Illuminate\\Container\\Container.php(1244): Illuminate\\Foundation\\Application->make('blade.compiler')
#7 C:\\Users\\alejo\\OneDrive\\Escritorio\\laravel6_register_login_roles-master\\vendor\\laravel\\framework\\src\\Illuminate\\View\\ViewServiceProvider.php(153): Illuminate\\Container\\Container->offsetGet('blade.compiler')
#8 [internal function]: Illuminate\\View\\ViewServiceProvider->Illuminate\\View\\{closure}()
#9 C:\\Users\\alejo\\OneDrive\\Escritorio\\laravel6_register_login_roles-master\\vendor\\laravel\\framework\\src\\Illuminate\\View\\Engines\\EngineResolver.php(55): call_user_func(Object(Closure))
#10 C:\\Users\\alejo\\OneDrive\\Escritorio\\laravel6_register_login_roles-master\\vendor\\facade\\ignition\\src\\IgnitionServiceProvider.php(378): Illuminate\\View\\Engines\\EngineResolver->resolve('blade')
#11 C:\\Users\\alejo\\OneDrive\\Escritorio\\laravel6_register_login_roles-master\\vendor\\facade\\ignition\\src\\IgnitionServiceProvider.php(117): Facade\\Ignition\\IgnitionServiceProvider->hasCustomViewEnginesRegistered()
#12 C:\\Users\\alejo\\OneDrive\\Escritorio\\laravel6_register_login_roles-master\\vendor\\facade\\ignition\\src\\IgnitionServiceProvider.php(79): Facade\\Ignition\\IgnitionServiceProvider->registerViewEngines()
#13 C:\\Users\\alejo\\OneDrive\\Escritorio\\laravel6_register_login_roles-master\\vendor\\laravel\\framework\\src\\Illuminate\\Container\\BoundMethod.php(36): Facade\\Ignition\\IgnitionServiceProvider->boot()
#14 C:\\Users\\alejo\\OneDrive\\Escritorio\\laravel6_register_login_roles-master\\vendor\\laravel\\framework\\src\\Illuminate\\Container\\Util.php(37): Illuminate\\Container\\BoundMethod::Illuminate\\Container\\{closure}()
#15 C:\\Users\\alejo\\OneDrive\\Escritorio\\laravel6_register_login_roles-master\\vendor\\laravel\\framework\\src\\Illuminate\\Container\\BoundMethod.php(93): Illuminate\\Container\\Util::unwrapIfClosure(Object(Closure))
#16 C:\\Users\\alejo\\OneDrive\\Escritorio\\laravel6_register_login_roles-master\\vendor\\laravel\\framework\\src\\Illuminate\\Container\\BoundMethod.php(37): Illuminate\\Container\\BoundMethod::callBoundMethod(Object(Illuminate\\Foundation\\Application), Array, Object(Closure))
#17 C:\\Users\\alejo\\OneDrive\\Escritorio\\laravel6_register_login_roles-master\\vendor\\laravel\\framework\\src\\Illuminate\\Container\\Container.php(590): Illuminate\\Container\\BoundMethod::call(Object(Illuminate\\Foundation\\Application), Array, Array, NULL)
#18 C:\\Users\\alejo\\OneDrive\\Escritorio\\laravel6_register_login_roles-master\\vendor\\laravel\\framework\\src\\Illuminate\\Foundation\\Application.php(856): Illuminate\\Container\\Container->call(Array)
#19 C:\\Users\\alejo\\OneDrive\\Escritorio\\laravel6_register_login_roles-master\\vendor\\laravel\\framework\\src\\Illuminate\\Foundation\\Application.php(839): Illuminate\\Foundation\\Application->bootProvider(Object(Facade\\Ignition\\IgnitionServiceProvider))
#20 [internal function]: Illuminate\\Foundation\\Application->Illuminate\\Foundation\\{closure}(Object(Facade\\Ignition\\IgnitionServiceProvider), 15)
#21 C:\\Users\\alejo\\OneDrive\\Escritorio\\laravel6_register_login_roles-master\\vendor\\laravel\\framework\\src\\Illuminate\\Foundation\\Application.php(840): array_walk(Array, Object(Closure))
#22 C:\\Users\\alejo\\OneDrive\\Escritorio\\laravel6_register_login_roles-master\\vendor\\laravel\\framework\\src\\Illuminate\\Foundation\\Bootstrap\\BootProviders.php(17): Illuminate\\Foundation\\Application->boot()
#23 C:\\Users\\alejo\\OneDrive\\Escritorio\\laravel6_register_login_roles-master\\vendor\\laravel\\framework\\src\\Illuminate\\Foundation\\Application.php(219): Illuminate\\Foundation\\Bootstrap\\BootProviders->bootstrap(Object(Illuminate\\Foundation\\Application))
#24 C:\\Users\\alejo\\OneDrive\\Escritorio\\laravel6_register_login_roles-master\\vendor\\laravel\\framework\\src\\Illuminate\\Foundation\\Console\\Kernel.php(320): Illuminate\\Foundation\\Application->bootstrapWith(Array)
#25 C:\\Users\\alejo\\OneDrive\\Escritorio\\laravel6_register_login_roles-master\\vendor\\laravel\\framework\\src\\Illuminate\\Foundation\\Console\\Kernel.php(129): Illuminate\\Foundation\\Console\\Kernel->bootstrap()
#26 C:\\Users\\alejo\\OneDrive\\Escritorio\\laravel6_register_login_roles-master\\artisan(37): Illuminate\\Foundation\\Console\\Kernel->handle(Object(Symfony\\Component\\Console\\Input\\ArgvInput), Object(Symfony\\Component\\Console\\Output\\ConsoleOutput))
#27 {main}
"} 
[2022-12-20 13:27:15] local.ERROR: Please provide a valid cache path. {"exception":"[object] (InvalidArgumentException(code: 0): Please provide a valid cache path. at C:\\Users\\alejo\\OneDrive\\Escritorio\\laravel6_register_login_roles-master\\vendor\\laravel\\framework\\src\\Illuminate\\View\\Compilers\\Compiler.php:36)
[stacktrace]
#0 C:\\Users\\alejo\\OneDrive\\Escritorio\\laravel6_register_login_roles-master\\vendor\\laravel\\framework\\src\\Illuminate\\View\\ViewServiceProvider.php(92): Illuminate\\View\\Compilers\\Compiler->__construct(Object(Illuminate\\Filesystem\\Filesystem), false)
#1 C:\\Users\\alejo\\OneDrive\\Escritorio\\laravel6_register_login_roles-master\\vendor\\laravel\\framework\\src\\Illuminate\\Container\\Container.php(799): Illuminate\\View\\ViewServiceProvider->Illuminate\\View\\{closure}(Object(Illuminate\\Foundation\\Application), Array)
#2 C:\\Users\\alejo\\OneDrive\\Escritorio\\laravel6_register_login_roles-master\\vendor\\laravel\\framework\\src\\Illuminate\\Container\\Container.php(681): Illuminate\\Container\\Container->build(Object(Closure))
#3 C:\\Users\\alejo\\OneDrive\\Escritorio\\laravel6_register_login_roles-master\\vendor\\laravel\\framework\\src\\Illuminate\\Foundation\\Application.php(785): Illuminate\\Container\\Container->resolve('blade.compiler', Array, true)
#4 C:\\Users\\alejo\\OneDrive\\Escritorio\\laravel6_register_login_roles-master\\vendor\\laravel\\framework\\src\\Illuminate\\Container\\Container.php(629): Illuminate\\Foundation\\Application->resolve('blade.compiler', Array)
#5 C:\\Users\\alejo\\OneDrive\\Escritorio\\laravel6_register_login_roles-master\\vendor\\laravel\\framework\\src\\Illuminate\\Foundation\\Application.php(770): Illuminate\\Container\\Container->make('blade.compiler', Array)
#6 C:\\Users\\alejo\\OneDrive\\Escritorio\\laravel6_register_login_roles-master\\vendor\\laravel\\framework\\src\\Illuminate\\Container\\Container.php(1244): Illuminate\\Foundation\\Application->make('blade.compiler')
#7 C:\\Users\\alejo\\OneDrive\\Escritorio\\laravel6_register_login_roles-master\\vendor\\laravel\\framework\\src\\Illuminate\\View\\ViewServiceProvider.php(153): Illuminate\\Container\\Container->offsetGet('blade.compiler')
#8 [internal function]: Illuminate\\View\\ViewServiceProvider->Illuminate\\View\\{closure}()
#9 C:\\Users\\alejo\\OneDrive\\Escritorio\\laravel6_register_login_roles-master\\vendor\\laravel\\framework\\src\\Illuminate\\View\\Engines\\EngineResolver.php(55): call_user_func(Object(Closure))
#10 C:\\Users\\alejo\\OneDrive\\Escritorio\\laravel6_register_login_roles-master\\vendor\\facade\\ignition\\src\\IgnitionServiceProvider.php(378): Illuminate\\View\\Engines\\EngineResolver->resolve('blade')
#11 C:\\Users\\alejo\\OneDrive\\Escritorio\\laravel6_register_login_roles-master\\vendor\\facade\\ignition\\src\\IgnitionServiceProvider.php(117): Facade\\Ignition\\IgnitionServiceProvider->hasCustomViewEnginesRegistered()
#12 C:\\Users\\alejo\\OneDrive\\Escritorio\\laravel6_register_login_roles-master\\vendor\\facade\\ignition\\src\\IgnitionServiceProvider.php(79): Facade\\Ignition\\IgnitionServiceProvider->registerViewEngines()
#13 C:\\Users\\alejo\\OneDrive\\Escritorio\\laravel6_register_login_roles-master\\vendor\\laravel\\framework\\src\\Illuminate\\Container\\BoundMethod.php(36): Facade\\Ignition\\IgnitionServiceProvider->boot()
#14 C:\\Users\\alejo\\OneDrive\\Escritorio\\laravel6_register_login_roles-master\\vendor\\laravel\\framework\\src\\Illuminate\\Container\\Util.php(37): Illuminate\\Container\\BoundMethod::Illuminate\\Container\\{closure}()
#15 C:\\Users\\alejo\\OneDrive\\Escritorio\\laravel6_register_login_roles-master\\vendor\\laravel\\framework\\src\\Illuminate\\Container\\BoundMethod.php(93): Illuminate\\Container\\Util::unwrapIfClosure(Object(Closure))
#16 C:\\Users\\alejo\\OneDrive\\Escritorio\\laravel6_register_login_roles-master\\vendor\\laravel\\framework\\src\\Illuminate\\Container\\BoundMethod.php(37): Illuminate\\Container\\BoundMethod::callBoundMethod(Object(Illuminate\\Foundation\\Application), Array, Object(Closure))
#17 C:\\Users\\alejo\\OneDrive\\Escritorio\\laravel6_register_login_roles-master\\vendor\\laravel\\framework\\src\\Illuminate\\Container\\Container.php(590): Illuminate\\Container\\BoundMethod::call(Object(Illuminate\\Foundation\\Application), Array, Array, NULL)
#18 C:\\Users\\alejo\\OneDrive\\Escritorio\\laravel6_register_login_roles-master\\vendor\\laravel\\framework\\src\\Illuminate\\Foundation\\Application.php(856): Illuminate\\Container\\Container->call(Array)
#19 C:\\Users\\alejo\\OneDrive\\Escritorio\\laravel6_register_login_roles-master\\vendor\\laravel\\framework\\src\\Illuminate\\Foundation\\Application.php(839): Illuminate\\Foundation\\Application->bootProvider(Object(Facade\\Ignition\\IgnitionServiceProvider))
#20 [internal function]: Illuminate\\Foundation\\Application->Illuminate\\Foundation\\{closure}(Object(Facade\\Ignition\\IgnitionServiceProvider), 15)
#21 C:\\Users\\alejo\\OneDrive\\Escritorio\\laravel6_register_login_roles-master\\vendor\\laravel\\framework\\src\\Illuminate\\Foundation\\Application.php(840): array_walk(Array, Object(Closure))
#22 C:\\Users\\alejo\\OneDrive\\Escritorio\\laravel6_register_login_roles-master\\vendor\\laravel\\framework\\src\\Illuminate\\Foundation\\Bootstrap\\BootProviders.php(17): Illuminate\\Foundation\\Application->boot()
#23 C:\\Users\\alejo\\OneDrive\\Escritorio\\laravel6_register_login_roles-master\\vendor\\laravel\\framework\\src\\Illuminate\\Foundation\\Application.php(219): Illuminate\\Foundation\\Bootstrap\\BootProviders->bootstrap(Object(Illuminate\\Foundation\\Application))
#24 C:\\Users\\alejo\\OneDrive\\Escritorio\\laravel6_register_login_roles-master\\vendor\\laravel\\framework\\src\\Illuminate\\Foundation\\Console\\Kernel.php(320): Illuminate\\Foundation\\Application->bootstrapWith(Array)
#25 C:\\Users\\alejo\\OneDrive\\Escritorio\\laravel6_register_login_roles-master\\vendor\\laravel\\framework\\src\\Illuminate\\Foundation\\Console\\Kernel.php(129): Illuminate\\Foundation\\Console\\Kernel->bootstrap()
#26 C:\\Users\\alejo\\OneDrive\\Escritorio\\laravel6_register_login_roles-master\\artisan(37): Illuminate\\Foundation\\Console\\Kernel->handle(Object(Symfony\\Component\\Console\\Input\\ArgvInput), Object(Symfony\\Component\\Console\\Output\\ConsoleOutput))
#27 {main}
"} 
[2022-12-20 13:27:28] local.ERROR: Please provide a valid cache path. {"exception":"[object] (InvalidArgumentException(code: 0): Please provide a valid cache path. at C:\\Users\\alejo\\OneDrive\\Escritorio\\laravel6_register_login_roles-master\\vendor\\laravel\\framework\\src\\Illuminate\\View\\Compilers\\Compiler.php:36)
[stacktrace]
#0 C:\\Users\\alejo\\OneDrive\\Escritorio\\laravel6_register_login_roles-master\\vendor\\laravel\\framework\\src\\Illuminate\\View\\ViewServiceProvider.php(92): Illuminate\\View\\Compilers\\Compiler->__construct(Object(Illuminate\\Filesystem\\Filesystem), false)
#1 C:\\Users\\alejo\\OneDrive\\Escritorio\\laravel6_register_login_roles-master\\vendor\\laravel\\framework\\src\\Illuminate\\Container\\Container.php(799): Illuminate\\View\\ViewServiceProvider->Illuminate\\View\\{closure}(Object(Illuminate\\Foundation\\Application), Array)
#2 C:\\Users\\alejo\\OneDrive\\Escritorio\\laravel6_register_login_roles-master\\vendor\\laravel\\framework\\src\\Illuminate\\Container\\Container.php(681): Illuminate\\Container\\Container->build(Object(Closure))
#3 C:\\Users\\alejo\\OneDrive\\Escritorio\\laravel6_register_login_roles-master\\vendor\\laravel\\framework\\src\\Illuminate\\Foundation\\Application.php(785): Illuminate\\Container\\Container->resolve('blade.compiler', Array, true)
#4 C:\\Users\\alejo\\OneDrive\\Escritorio\\laravel6_register_login_roles-master\\vendor\\laravel\\framework\\src\\Illuminate\\Container\\Container.php(629): Illuminate\\Foundation\\Application->resolve('blade.compiler', Array)
#5 C:\\Users\\alejo\\OneDrive\\Escritorio\\laravel6_register_login_roles-master\\vendor\\laravel\\framework\\src\\Illuminate\\Foundation\\Application.php(770): Illuminate\\Container\\Container->make('blade.compiler', Array)
#6 C:\\Users\\alejo\\OneDrive\\Escritorio\\laravel6_register_login_roles-master\\vendor\\laravel\\framework\\src\\Illuminate\\Container\\Container.php(1244): Illuminate\\Foundation\\Application->make('blade.compiler')
#7 C:\\Users\\alejo\\OneDrive\\Escritorio\\laravel6_register_login_roles-master\\vendor\\laravel\\framework\\src\\Illuminate\\View\\ViewServiceProvider.php(153): Illuminate\\Container\\Container->offsetGet('blade.compiler')
#8 [internal function]: Illuminate\\View\\ViewServiceProvider->Illuminate\\View\\{closure}()
#9 C:\\Users\\alejo\\OneDrive\\Escritorio\\laravel6_register_login_roles-master\\vendor\\laravel\\framework\\src\\Illuminate\\View\\Engines\\EngineResolver.php(55): call_user_func(Object(Closure))
#10 C:\\Users\\alejo\\OneDrive\\Escritorio\\laravel6_register_login_roles-master\\vendor\\facade\\ignition\\src\\IgnitionServiceProvider.php(378): Illuminate\\View\\Engines\\EngineResolver->resolve('blade')
#11 C:\\Users\\alejo\\OneDrive\\Escritorio\\laravel6_register_login_roles-master\\vendor\\facade\\ignition\\src\\IgnitionServiceProvider.php(117): Facade\\Ignition\\IgnitionServiceProvider->hasCustomViewEnginesRegistered()
#12 C:\\Users\\alejo\\OneDrive\\Escritorio\\laravel6_register_login_roles-master\\vendor\\facade\\ignition\\src\\IgnitionServiceProvider.php(79): Facade\\Ignition\\IgnitionServiceProvider->registerViewEngines()
#13 C:\\Users\\alejo\\OneDrive\\Escritorio\\laravel6_register_login_roles-master\\vendor\\laravel\\framework\\src\\Illuminate\\Container\\BoundMethod.php(36): Facade\\Ignition\\IgnitionServiceProvider->boot()
#14 C:\\Users\\alejo\\OneDrive\\Escritorio\\laravel6_register_login_roles-master\\vendor\\laravel\\framework\\src\\Illuminate\\Container\\Util.php(37): Illuminate\\Container\\BoundMethod::Illuminate\\Container\\{closure}()
#15 C:\\Users\\alejo\\OneDrive\\Escritorio\\laravel6_register_login_roles-master\\vendor\\laravel\\framework\\src\\Illuminate\\Container\\BoundMethod.php(93): Illuminate\\Container\\Util::unwrapIfClosure(Object(Closure))
#16 C:\\Users\\alejo\\OneDrive\\Escritorio\\laravel6_register_login_roles-master\\vendor\\laravel\\framework\\src\\Illuminate\\Container\\BoundMethod.php(37): Illuminate\\Container\\BoundMethod::callBoundMethod(Object(Illuminate\\Foundation\\Application), Array, Object(Closure))
#17 C:\\Users\\alejo\\OneDrive\\Escritorio\\laravel6_register_login_roles-master\\vendor\\laravel\\framework\\src\\Illuminate\\Container\\Container.php(590): Illuminate\\Container\\BoundMethod::call(Object(Illuminate\\Foundation\\Application), Array, Array, NULL)
#18 C:\\Users\\alejo\\OneDrive\\Escritorio\\laravel6_register_login_roles-master\\vendor\\laravel\\framework\\src\\Illuminate\\Foundation\\Application.php(856): Illuminate\\Container\\Container->call(Array)
#19 C:\\Users\\alejo\\OneDrive\\Escritorio\\laravel6_register_login_roles-master\\vendor\\laravel\\framework\\src\\Illuminate\\Foundation\\Application.php(839): Illuminate\\Foundation\\Application->bootProvider(Object(Facade\\Ignition\\IgnitionServiceProvider))
#20 [internal function]: Illuminate\\Foundation\\Application->Illuminate\\Foundation\\{closure}(Object(Facade\\Ignition\\IgnitionServiceProvider), 15)
#21 C:\\Users\\alejo\\OneDrive\\Escritorio\\laravel6_register_login_roles-master\\vendor\\laravel\\framework\\src\\Illuminate\\Foundation\\Application.php(840): array_walk(Array, Object(Closure))
#22 C:\\Users\\alejo\\OneDrive\\Escritorio\\laravel6_register_login_roles-master\\vendor\\laravel\\framework\\src\\Illuminate\\Foundation\\Bootstrap\\BootProviders.php(17): Illuminate\\Foundation\\Application->boot()
#23 C:\\Users\\alejo\\OneDrive\\Escritorio\\laravel6_register_login_roles-master\\vendor\\laravel\\framework\\src\\Illuminate\\Foundation\\Application.php(219): Illuminate\\Foundation\\Bootstrap\\BootProviders->bootstrap(Object(Illuminate\\Foundation\\Application))
#24 C:\\Users\\alejo\\OneDrive\\Escritorio\\laravel6_register_login_roles-master\\vendor\\laravel\\framework\\src\\Illuminate\\Foundation\\Console\\Kernel.php(320): Illuminate\\Foundation\\Application->bootstrapWith(Array)
#25 C:\\Users\\alejo\\OneDrive\\Escritorio\\laravel6_register_login_roles-master\\vendor\\laravel\\framework\\src\\Illuminate\\Foundation\\Console\\Kernel.php(129): Illuminate\\Foundation\\Console\\Kernel->bootstrap()
#26 C:\\Users\\alejo\\OneDrive\\Escritorio\\laravel6_register_login_roles-master\\artisan(37): Illuminate\\Foundation\\Console\\Kernel->handle(Object(Symfony\\Component\\Console\\Input\\ArgvInput), Object(Symfony\\Component\\Console\\Output\\ConsoleOutput))
#27 {main}
"} 
[2022-12-20 13:27:46] local.ERROR: Please provide a valid cache path. {"exception":"[object] (InvalidArgumentException(code: 0): Please provide a valid cache path. at C:\\Users\\alejo\\OneDrive\\Escritorio\\laravel6_register_login_roles-master\\vendor\\laravel\\framework\\src\\Illuminate\\View\\Compilers\\Compiler.php:36)
[stacktrace]
#0 C:\\Users\\alejo\\OneDrive\\Escritorio\\laravel6_register_login_roles-master\\vendor\\laravel\\framework\\src\\Illuminate\\View\\ViewServiceProvider.php(92): Illuminate\\View\\Compilers\\Compiler->__construct(Object(Illuminate\\Filesystem\\Filesystem), false)
#1 C:\\Users\\alejo\\OneDrive\\Escritorio\\laravel6_register_login_roles-master\\vendor\\laravel\\framework\\src\\Illuminate\\Container\\Container.php(799): Illuminate\\View\\ViewServiceProvider->Illuminate\\View\\{closure}(Object(Illuminate\\Foundation\\Application), Array)
#2 C:\\Users\\alejo\\OneDrive\\Escritorio\\laravel6_register_login_roles-master\\vendor\\laravel\\framework\\src\\Illuminate\\Container\\Container.php(681): Illuminate\\Container\\Container->build(Object(Closure))
#3 C:\\Users\\alejo\\OneDrive\\Escritorio\\laravel6_register_login_roles-master\\vendor\\laravel\\framework\\src\\Illuminate\\Foundation\\Application.php(785): Illuminate\\Container\\Container->resolve('blade.compiler', Array, true)
#4 C:\\Users\\alejo\\OneDrive\\Escritorio\\laravel6_register_login_roles-master\\vendor\\laravel\\framework\\src\\Illuminate\\Container\\Container.php(629): Illuminate\\Foundation\\Application->resolve('blade.compiler', Array)
#5 C:\\Users\\alejo\\OneDrive\\Escritorio\\laravel6_register_login_roles-master\\vendor\\laravel\\framework\\src\\Illuminate\\Foundation\\Application.php(770): Illuminate\\Container\\Container->make('blade.compiler', Array)
#6 C:\\Users\\alejo\\OneDrive\\Escritorio\\laravel6_register_login_roles-master\\vendor\\laravel\\framework\\src\\Illuminate\\Container\\Container.php(1244): Illuminate\\Foundation\\Application->make('blade.compiler')
#7 C:\\Users\\alejo\\OneDrive\\Escritorio\\laravel6_register_login_roles-master\\vendor\\laravel\\framework\\src\\Illuminate\\View\\ViewServiceProvider.php(153): Illuminate\\Container\\Container->offsetGet('blade.compiler')
#8 [internal function]: Illuminate\\View\\ViewServiceProvider->Illuminate\\View\\{closure}()
#9 C:\\Users\\alejo\\OneDrive\\Escritorio\\laravel6_register_login_roles-master\\vendor\\laravel\\framework\\src\\Illuminate\\View\\Engines\\EngineResolver.php(55): call_user_func(Object(Closure))
#10 C:\\Users\\alejo\\OneDrive\\Escritorio\\laravel6_register_login_roles-master\\vendor\\facade\\ignition\\src\\IgnitionServiceProvider.php(378): Illuminate\\View\\Engines\\EngineResolver->resolve('blade')
#11 C:\\Users\\alejo\\OneDrive\\Escritorio\\laravel6_register_login_roles-master\\vendor\\facade\\ignition\\src\\IgnitionServiceProvider.php(117): Facade\\Ignition\\IgnitionServiceProvider->hasCustomViewEnginesRegistered()
#12 C:\\Users\\alejo\\OneDrive\\Escritorio\\laravel6_register_login_roles-master\\vendor\\facade\\ignition\\src\\IgnitionServiceProvider.php(79): Facade\\Ignition\\IgnitionServiceProvider->registerViewEngines()
#13 C:\\Users\\alejo\\OneDrive\\Escritorio\\laravel6_register_login_roles-master\\vendor\\laravel\\framework\\src\\Illuminate\\Container\\BoundMethod.php(36): Facade\\Ignition\\IgnitionServiceProvider->boot()
#14 C:\\Users\\alejo\\OneDrive\\Escritorio\\laravel6_register_login_roles-master\\vendor\\laravel\\framework\\src\\Illuminate\\Container\\Util.php(37): Illuminate\\Container\\BoundMethod::Illuminate\\Container\\{closure}()
#15 C:\\Users\\alejo\\OneDrive\\Escritorio\\laravel6_register_login_roles-master\\vendor\\laravel\\framework\\src\\Illuminate\\Container\\BoundMethod.php(93): Illuminate\\Container\\Util::unwrapIfClosure(Object(Closure))
#16 C:\\Users\\alejo\\OneDrive\\Escritorio\\laravel6_register_login_roles-master\\vendor\\laravel\\framework\\src\\Illuminate\\Container\\BoundMethod.php(37): Illuminate\\Container\\BoundMethod::callBoundMethod(Object(Illuminate\\Foundation\\Application), Array, Object(Closure))
#17 C:\\Users\\alejo\\OneDrive\\Escritorio\\laravel6_register_login_roles-master\\vendor\\laravel\\framework\\src\\Illuminate\\Container\\Container.php(590): Illuminate\\Container\\BoundMethod::call(Object(Illuminate\\Foundation\\Application), Array, Array, NULL)
#18 C:\\Users\\alejo\\OneDrive\\Escritorio\\laravel6_register_login_roles-master\\vendor\\laravel\\framework\\src\\Illuminate\\Foundation\\Application.php(856): Illuminate\\Container\\Container->call(Array)
#19 C:\\Users\\alejo\\OneDrive\\Escritorio\\laravel6_register_login_roles-master\\vendor\\laravel\\framework\\src\\Illuminate\\Foundation\\Application.php(839): Illuminate\\Foundation\\Application->bootProvider(Object(Facade\\Ignition\\IgnitionServiceProvider))
#20 [internal function]: Illuminate\\Foundation\\Application->Illuminate\\Foundation\\{closure}(Object(Facade\\Ignition\\IgnitionServiceProvider), 15)
#21 C:\\Users\\alejo\\OneDrive\\Escritorio\\laravel6_register_login_roles-master\\vendor\\laravel\\framework\\src\\Illuminate\\Foundation\\Application.php(840): array_walk(Array, Object(Closure))
#22 C:\\Users\\alejo\\OneDrive\\Escritorio\\laravel6_register_login_roles-master\\vendor\\laravel\\framework\\src\\Illuminate\\Foundation\\Bootstrap\\BootProviders.php(17): Illuminate\\Foundation\\Application->boot()
#23 C:\\Users\\alejo\\OneDrive\\Escritorio\\laravel6_register_login_roles-master\\vendor\\laravel\\framework\\src\\Illuminate\\Foundation\\Application.php(219): Illuminate\\Foundation\\Bootstrap\\BootProviders->bootstrap(Object(Illuminate\\Foundation\\Application))
#24 C:\\Users\\alejo\\OneDrive\\Escritorio\\laravel6_register_login_roles-master\\vendor\\laravel\\framework\\src\\Illuminate\\Foundation\\Console\\Kernel.php(320): Illuminate\\Foundation\\Application->bootstrapWith(Array)
#25 C:\\Users\\alejo\\OneDrive\\Escritorio\\laravel6_register_login_roles-master\\vendor\\laravel\\framework\\src\\Illuminate\\Foundation\\Console\\Kernel.php(129): Illuminate\\Foundation\\Console\\Kernel->bootstrap()
#26 C:\\Users\\alejo\\OneDrive\\Escritorio\\laravel6_register_login_roles-master\\artisan(37): Illuminate\\Foundation\\Console\\Kernel->handle(Object(Symfony\\Component\\Console\\Input\\ArgvInput), Object(Symfony\\Component\\Console\\Output\\ConsoleOutput))
#27 {main}
"} 
[2022-12-20 13:29:28] local.ERROR: Please provide a valid cache path. {"exception":"[object] (InvalidArgumentException(code: 0): Please provide a valid cache path. at C:\\Users\\alejo\\OneDrive\\Escritorio\\laravel6_register_login_roles-master\\vendor\\laravel\\framework\\src\\Illuminate\\View\\Compilers\\Compiler.php:36)
[stacktrace]
#0 C:\\Users\\alejo\\OneDrive\\Escritorio\\laravel6_register_login_roles-master\\vendor\\laravel\\framework\\src\\Illuminate\\View\\ViewServiceProvider.php(92): Illuminate\\View\\Compilers\\Compiler->__construct(Object(Illuminate\\Filesystem\\Filesystem), false)
#1 C:\\Users\\alejo\\OneDrive\\Escritorio\\laravel6_register_login_roles-master\\vendor\\laravel\\framework\\src\\Illuminate\\Container\\Container.php(799): Illuminate\\View\\ViewServiceProvider->Illuminate\\View\\{closure}(Object(Illuminate\\Foundation\\Application), Array)
#2 C:\\Users\\alejo\\OneDrive\\Escritorio\\laravel6_register_login_roles-master\\vendor\\laravel\\framework\\src\\Illuminate\\Container\\Container.php(681): Illuminate\\Container\\Container->build(Object(Closure))
#3 C:\\Users\\alejo\\OneDrive\\Escritorio\\laravel6_register_login_roles-master\\vendor\\laravel\\framework\\src\\Illuminate\\Foundation\\Application.php(785): Illuminate\\Container\\Container->resolve('blade.compiler', Array, true)
#4 C:\\Users\\alejo\\OneDrive\\Escritorio\\laravel6_register_login_roles-master\\vendor\\laravel\\framework\\src\\Illuminate\\Container\\Container.php(629): Illuminate\\Foundation\\Application->resolve('blade.compiler', Array)
#5 C:\\Users\\alejo\\OneDrive\\Escritorio\\laravel6_register_login_roles-master\\vendor\\laravel\\framework\\src\\Illuminate\\Foundation\\Application.php(770): Illuminate\\Container\\Container->make('blade.compiler', Array)
#6 C:\\Users\\alejo\\OneDrive\\Escritorio\\laravel6_register_login_roles-master\\vendor\\laravel\\framework\\src\\Illuminate\\Container\\Container.php(1244): Illuminate\\Foundation\\Application->make('blade.compiler')
#7 C:\\Users\\alejo\\OneDrive\\Escritorio\\laravel6_register_login_roles-master\\vendor\\laravel\\framework\\src\\Illuminate\\View\\ViewServiceProvider.php(153): Illuminate\\Container\\Container->offsetGet('blade.compiler')
#8 [internal function]: Illuminate\\View\\ViewServiceProvider->Illuminate\\View\\{closure}()
#9 C:\\Users\\alejo\\OneDrive\\Escritorio\\laravel6_register_login_roles-master\\vendor\\laravel\\framework\\src\\Illuminate\\View\\Engines\\EngineResolver.php(55): call_user_func(Object(Closure))
#10 C:\\Users\\alejo\\OneDrive\\Escritorio\\laravel6_register_login_roles-master\\vendor\\facade\\ignition\\src\\IgnitionServiceProvider.php(378): Illuminate\\View\\Engines\\EngineResolver->resolve('blade')
#11 C:\\Users\\alejo\\OneDrive\\Escritorio\\laravel6_register_login_roles-master\\vendor\\facade\\ignition\\src\\IgnitionServiceProvider.php(117): Facade\\Ignition\\IgnitionServiceProvider->hasCustomViewEnginesRegistered()
#12 C:\\Users\\alejo\\OneDrive\\Escritorio\\laravel6_register_login_roles-master\\vendor\\facade\\ignition\\src\\IgnitionServiceProvider.php(79): Facade\\Ignition\\IgnitionServiceProvider->registerViewEngines()
#13 C:\\Users\\alejo\\OneDrive\\Escritorio\\laravel6_register_login_roles-master\\vendor\\laravel\\framework\\src\\Illuminate\\Container\\BoundMethod.php(36): Facade\\Ignition\\IgnitionServiceProvider->boot()
#14 C:\\Users\\alejo\\OneDrive\\Escritorio\\laravel6_register_login_roles-master\\vendor\\laravel\\framework\\src\\Illuminate\\Container\\Util.php(37): Illuminate\\Container\\BoundMethod::Illuminate\\Container\\{closure}()
#15 C:\\Users\\alejo\\OneDrive\\Escritorio\\laravel6_register_login_roles-master\\vendor\\laravel\\framework\\src\\Illuminate\\Container\\BoundMethod.php(93): Illuminate\\Container\\Util::unwrapIfClosure(Object(Closure))
#16 C:\\Users\\alejo\\OneDrive\\Escritorio\\laravel6_register_login_roles-master\\vendor\\laravel\\framework\\src\\Illuminate\\Container\\BoundMethod.php(37): Illuminate\\Container\\BoundMethod::callBoundMethod(Object(Illuminate\\Foundation\\Application), Array, Object(Closure))
#17 C:\\Users\\alejo\\OneDrive\\Escritorio\\laravel6_register_login_roles-master\\vendor\\laravel\\framework\\src\\Illuminate\\Container\\Container.php(590): Illuminate\\Container\\BoundMethod::call(Object(Illuminate\\Foundation\\Application), Array, Array, NULL)
#18 C:\\Users\\alejo\\OneDrive\\Escritorio\\laravel6_register_login_roles-master\\vendor\\laravel\\framework\\src\\Illuminate\\Foundation\\Application.php(856): Illuminate\\Container\\Container->call(Array)
#19 C:\\Users\\alejo\\OneDrive\\Escritorio\\laravel6_register_login_roles-master\\vendor\\laravel\\framework\\src\\Illuminate\\Foundation\\Application.php(839): Illuminate\\Foundation\\Application->bootProvider(Object(Facade\\Ignition\\IgnitionServiceProvider))
#20 [internal function]: Illuminate\\Foundation\\Application->Illuminate\\Foundation\\{closure}(Object(Facade\\Ignition\\IgnitionServiceProvider), 15)
#21 C:\\Users\\alejo\\OneDrive\\Escritorio\\laravel6_register_login_roles-master\\vendor\\laravel\\framework\\src\\Illuminate\\Foundation\\Application.php(840): array_walk(Array, Object(Closure))
#22 C:\\Users\\alejo\\OneDrive\\Escritorio\\laravel6_register_login_roles-master\\vendor\\laravel\\framework\\src\\Illuminate\\Foundation\\Bootstrap\\BootProviders.php(17): Illuminate\\Foundation\\Application->boot()
#23 C:\\Users\\alejo\\OneDrive\\Escritorio\\laravel6_register_login_roles-master\\vendor\\laravel\\framework\\src\\Illuminate\\Foundation\\Application.php(219): Illuminate\\Foundation\\Bootstrap\\BootProviders->bootstrap(Object(Illuminate\\Foundation\\Application))
#24 C:\\Users\\alejo\\OneDrive\\Escritorio\\laravel6_register_login_roles-master\\vendor\\laravel\\framework\\src\\Illuminate\\Foundation\\Console\\Kernel.php(320): Illuminate\\Foundation\\Application->bootstrapWith(Array)
#25 C:\\Users\\alejo\\OneDrive\\Escritorio\\laravel6_register_login_roles-master\\vendor\\laravel\\framework\\src\\Illuminate\\Foundation\\Console\\Kernel.php(129): Illuminate\\Foundation\\Console\\Kernel->bootstrap()
#26 C:\\Users\\alejo\\OneDrive\\Escritorio\\laravel6_register_login_roles-master\\artisan(37): Illuminate\\Foundation\\Console\\Kernel->handle(Object(Symfony\\Component\\Console\\Input\\ArgvInput), Object(Symfony\\Component\\Console\\Output\\ConsoleOutput))
#27 {main}
"} 
[2022-12-20 13:29:50] local.ERROR: Please provide a valid cache path. {"exception":"[object] (InvalidArgumentException(code: 0): Please provide a valid cache path. at C:\\Users\\alejo\\OneDrive\\Escritorio\\laravel6_register_login_roles-master\\vendor\\laravel\\framework\\src\\Illuminate\\View\\Compilers\\Compiler.php:36)
[stacktrace]
#0 C:\\Users\\alejo\\OneDrive\\Escritorio\\laravel6_register_login_roles-master\\vendor\\laravel\\framework\\src\\Illuminate\\View\\ViewServiceProvider.php(92): Illuminate\\View\\Compilers\\Compiler->__construct(Object(Illuminate\\Filesystem\\Filesystem), false)
#1 C:\\Users\\alejo\\OneDrive\\Escritorio\\laravel6_register_login_roles-master\\vendor\\laravel\\framework\\src\\Illuminate\\Container\\Container.php(799): Illuminate\\View\\ViewServiceProvider->Illuminate\\View\\{closure}(Object(Illuminate\\Foundation\\Application), Array)
#2 C:\\Users\\alejo\\OneDrive\\Escritorio\\laravel6_register_login_roles-master\\vendor\\laravel\\framework\\src\\Illuminate\\Container\\Container.php(681): Illuminate\\Container\\Container->build(Object(Closure))
#3 C:\\Users\\alejo\\OneDrive\\Escritorio\\laravel6_register_login_roles-master\\vendor\\laravel\\framework\\src\\Illuminate\\Foundation\\Application.php(785): Illuminate\\Container\\Container->resolve('blade.compiler', Array, true)
#4 C:\\Users\\alejo\\OneDrive\\Escritorio\\laravel6_register_login_roles-master\\vendor\\laravel\\framework\\src\\Illuminate\\Container\\Container.php(629): Illuminate\\Foundation\\Application->resolve('blade.compiler', Array)
#5 C:\\Users\\alejo\\OneDrive\\Escritorio\\laravel6_register_login_roles-master\\vendor\\laravel\\framework\\src\\Illuminate\\Foundation\\Application.php(770): Illuminate\\Container\\Container->make('blade.compiler', Array)
#6 C:\\Users\\alejo\\OneDrive\\Escritorio\\laravel6_register_login_roles-master\\vendor\\laravel\\framework\\src\\Illuminate\\Container\\Container.php(1244): Illuminate\\Foundation\\Application->make('blade.compiler')
#7 C:\\Users\\alejo\\OneDrive\\Escritorio\\laravel6_register_login_roles-master\\vendor\\laravel\\framework\\src\\Illuminate\\View\\ViewServiceProvider.php(153): Illuminate\\Container\\Container->offsetGet('blade.compiler')
#8 [internal function]: Illuminate\\View\\ViewServiceProvider->Illuminate\\View\\{closure}()
#9 C:\\Users\\alejo\\OneDrive\\Escritorio\\laravel6_register_login_roles-master\\vendor\\laravel\\framework\\src\\Illuminate\\View\\Engines\\EngineResolver.php(55): call_user_func(Object(Closure))
#10 C:\\Users\\alejo\\OneDrive\\Escritorio\\laravel6_register_login_roles-master\\vendor\\facade\\ignition\\src\\IgnitionServiceProvider.php(378): Illuminate\\View\\Engines\\EngineResolver->resolve('blade')
#11 C:\\Users\\alejo\\OneDrive\\Escritorio\\laravel6_register_login_roles-master\\vendor\\facade\\ignition\\src\\IgnitionServiceProvider.php(117): Facade\\Ignition\\IgnitionServiceProvider->hasCustomViewEnginesRegistered()
#12 C:\\Users\\alejo\\OneDrive\\Escritorio\\laravel6_register_login_roles-master\\vendor\\facade\\ignition\\src\\IgnitionServiceProvider.php(79): Facade\\Ignition\\IgnitionServiceProvider->registerViewEngines()
#13 C:\\Users\\alejo\\OneDrive\\Escritorio\\laravel6_register_login_roles-master\\vendor\\laravel\\framework\\src\\Illuminate\\Container\\BoundMethod.php(36): Facade\\Ignition\\IgnitionServiceProvider->boot()
#14 C:\\Users\\alejo\\OneDrive\\Escritorio\\laravel6_register_login_roles-master\\vendor\\laravel\\framework\\src\\Illuminate\\Container\\Util.php(37): Illuminate\\Container\\BoundMethod::Illuminate\\Container\\{closure}()
#15 C:\\Users\\alejo\\OneDrive\\Escritorio\\laravel6_register_login_roles-master\\vendor\\laravel\\framework\\src\\Illuminate\\Container\\BoundMethod.php(93): Illuminate\\Container\\Util::unwrapIfClosure(Object(Closure))
#16 C:\\Users\\alejo\\OneDrive\\Escritorio\\laravel6_register_login_roles-master\\vendor\\laravel\\framework\\src\\Illuminate\\Container\\BoundMethod.php(37): Illuminate\\Container\\BoundMethod::callBoundMethod(Object(Illuminate\\Foundation\\Application), Array, Object(Closure))
#17 C:\\Users\\alejo\\OneDrive\\Escritorio\\laravel6_register_login_roles-master\\vendor\\laravel\\framework\\src\\Illuminate\\Container\\Container.php(590): Illuminate\\Container\\BoundMethod::call(Object(Illuminate\\Foundation\\Application), Array, Array, NULL)
#18 C:\\Users\\alejo\\OneDrive\\Escritorio\\laravel6_register_login_roles-master\\vendor\\laravel\\framework\\src\\Illuminate\\Foundation\\Application.php(856): Illuminate\\Container\\Container->call(Array)
#19 C:\\Users\\alejo\\OneDrive\\Escritorio\\laravel6_register_login_roles-master\\vendor\\laravel\\framework\\src\\Illuminate\\Foundation\\Application.php(839): Illuminate\\Foundation\\Application->bootProvider(Object(Facade\\Ignition\\IgnitionServiceProvider))
#20 [internal function]: Illuminate\\Foundation\\Application->Illuminate\\Foundation\\{closure}(Object(Facade\\Ignition\\IgnitionServiceProvider), 15)
#21 C:\\Users\\alejo\\OneDrive\\Escritorio\\laravel6_register_login_roles-master\\vendor\\laravel\\framework\\src\\Illuminate\\Foundation\\Application.php(840): array_walk(Array, Object(Closure))
#22 C:\\Users\\alejo\\OneDrive\\Escritorio\\laravel6_register_login_roles-master\\vendor\\laravel\\framework\\src\\Illuminate\\Foundation\\Bootstrap\\BootProviders.php(17): Illuminate\\Foundation\\Application->boot()
#23 C:\\Users\\alejo\\OneDrive\\Escritorio\\laravel6_register_login_roles-master\\vendor\\laravel\\framework\\src\\Illuminate\\Foundation\\Application.php(219): Illuminate\\Foundation\\Bootstrap\\BootProviders->bootstrap(Object(Illuminate\\Foundation\\Application))
#24 C:\\Users\\alejo\\OneDrive\\Escritorio\\laravel6_register_login_roles-master\\vendor\\laravel\\framework\\src\\Illuminate\\Foundation\\Console\\Kernel.php(320): Illuminate\\Foundation\\Application->bootstrapWith(Array)
#25 C:\\Users\\alejo\\OneDrive\\Escritorio\\laravel6_register_login_roles-master\\vendor\\laravel\\framework\\src\\Illuminate\\Foundation\\Console\\Kernel.php(129): Illuminate\\Foundation\\Console\\Kernel->bootstrap()
#26 C:\\Users\\alejo\\OneDrive\\Escritorio\\laravel6_register_login_roles-master\\artisan(37): Illuminate\\Foundation\\Console\\Kernel->handle(Object(Symfony\\Component\\Console\\Input\\ArgvInput), Object(Symfony\\Component\\Console\\Output\\ConsoleOutput))
#27 {main}
"} 
[2022-12-20 13:30:49] local.ERROR: Please provide a valid cache path. {"exception":"[object] (InvalidArgumentException(code: 0): Please provide a valid cache path. at C:\\Users\\alejo\\OneDrive\\Escritorio\\laravel6_register_login_roles-master\\vendor\\laravel\\framework\\src\\Illuminate\\View\\Compilers\\Compiler.php:36)
[stacktrace]
#0 C:\\Users\\alejo\\OneDrive\\Escritorio\\laravel6_register_login_roles-master\\vendor\\laravel\\framework\\src\\Illuminate\\View\\ViewServiceProvider.php(92): Illuminate\\View\\Compilers\\Compiler->__construct(Object(Illuminate\\Filesystem\\Filesystem), false)
#1 C:\\Users\\alejo\\OneDrive\\Escritorio\\laravel6_register_login_roles-master\\vendor\\laravel\\framework\\src\\Illuminate\\Container\\Container.php(799): Illuminate\\View\\ViewServiceProvider->Illuminate\\View\\{closure}(Object(Illuminate\\Foundation\\Application), Array)
#2 C:\\Users\\alejo\\OneDrive\\Escritorio\\laravel6_register_login_roles-master\\vendor\\laravel\\framework\\src\\Illuminate\\Container\\Container.php(681): Illuminate\\Container\\Container->build(Object(Closure))
#3 C:\\Users\\alejo\\OneDrive\\Escritorio\\laravel6_register_login_roles-master\\vendor\\laravel\\framework\\src\\Illuminate\\Foundation\\Application.php(785): Illuminate\\Container\\Container->resolve('blade.compiler', Array, true)
#4 C:\\Users\\alejo\\OneDrive\\Escritorio\\laravel6_register_login_roles-master\\vendor\\laravel\\framework\\src\\Illuminate\\Container\\Container.php(629): Illuminate\\Foundation\\Application->resolve('blade.compiler', Array)
#5 C:\\Users\\alejo\\OneDrive\\Escritorio\\laravel6_register_login_roles-master\\vendor\\laravel\\framework\\src\\Illuminate\\Foundation\\Application.php(770): Illuminate\\Container\\Container->make('blade.compiler', Array)
#6 C:\\Users\\alejo\\OneDrive\\Escritorio\\laravel6_register_login_roles-master\\vendor\\laravel\\framework\\src\\Illuminate\\Container\\Container.php(1244): Illuminate\\Foundation\\Application->make('blade.compiler')
#7 C:\\Users\\alejo\\OneDrive\\Escritorio\\laravel6_register_login_roles-master\\vendor\\laravel\\framework\\src\\Illuminate\\View\\ViewServiceProvider.php(153): Illuminate\\Container\\Container->offsetGet('blade.compiler')
#8 [internal function]: Illuminate\\View\\ViewServiceProvider->Illuminate\\View\\{closure}()
#9 C:\\Users\\alejo\\OneDrive\\Escritorio\\laravel6_register_login_roles-master\\vendor\\laravel\\framework\\src\\Illuminate\\View\\Engines\\EngineResolver.php(55): call_user_func(Object(Closure))
#10 C:\\Users\\alejo\\OneDrive\\Escritorio\\laravel6_register_login_roles-master\\vendor\\facade\\ignition\\src\\IgnitionServiceProvider.php(378): Illuminate\\View\\Engines\\EngineResolver->resolve('blade')
#11 C:\\Users\\alejo\\OneDrive\\Escritorio\\laravel6_register_login_roles-master\\vendor\\facade\\ignition\\src\\IgnitionServiceProvider.php(117): Facade\\Ignition\\IgnitionServiceProvider->hasCustomViewEnginesRegistered()
#12 C:\\Users\\alejo\\OneDrive\\Escritorio\\laravel6_register_login_roles-master\\vendor\\facade\\ignition\\src\\IgnitionServiceProvider.php(79): Facade\\Ignition\\IgnitionServiceProvider->registerViewEngines()
#13 C:\\Users\\alejo\\OneDrive\\Escritorio\\laravel6_register_login_roles-master\\vendor\\laravel\\framework\\src\\Illuminate\\Container\\BoundMethod.php(36): Facade\\Ignition\\IgnitionServiceProvider->boot()
#14 C:\\Users\\alejo\\OneDrive\\Escritorio\\laravel6_register_login_roles-master\\vendor\\laravel\\framework\\src\\Illuminate\\Container\\Util.php(37): Illuminate\\Container\\BoundMethod::Illuminate\\Container\\{closure}()
#15 C:\\Users\\alejo\\OneDrive\\Escritorio\\laravel6_register_login_roles-master\\vendor\\laravel\\framework\\src\\Illuminate\\Container\\BoundMethod.php(93): Illuminate\\Container\\Util::unwrapIfClosure(Object(Closure))
#16 C:\\Users\\alejo\\OneDrive\\Escritorio\\laravel6_register_login_roles-master\\vendor\\laravel\\framework\\src\\Illuminate\\Container\\BoundMethod.php(37): Illuminate\\Container\\BoundMethod::callBoundMethod(Object(Illuminate\\Foundation\\Application), Array, Object(Closure))
#17 C:\\Users\\alejo\\OneDrive\\Escritorio\\laravel6_register_login_roles-master\\vendor\\laravel\\framework\\src\\Illuminate\\Container\\Container.php(590): Illuminate\\Container\\BoundMethod::call(Object(Illuminate\\Foundation\\Application), Array, Array, NULL)
#18 C:\\Users\\alejo\\OneDrive\\Escritorio\\laravel6_register_login_roles-master\\vendor\\laravel\\framework\\src\\Illuminate\\Foundation\\Application.php(856): Illuminate\\Container\\Container->call(Array)
#19 C:\\Users\\alejo\\OneDrive\\Escritorio\\laravel6_register_login_roles-master\\vendor\\laravel\\framework\\src\\Illuminate\\Foundation\\Application.php(839): Illuminate\\Foundation\\Application->bootProvider(Object(Facade\\Ignition\\IgnitionServiceProvider))
#20 [internal function]: Illuminate\\Foundation\\Application->Illuminate\\Foundation\\{closure}(Object(Facade\\Ignition\\IgnitionServiceProvider), 15)
#21 C:\\Users\\alejo\\OneDrive\\Escritorio\\laravel6_register_login_roles-master\\vendor\\laravel\\framework\\src\\Illuminate\\Foundation\\Application.php(840): array_walk(Array, Object(Closure))
#22 C:\\Users\\alejo\\OneDrive\\Escritorio\\laravel6_register_login_roles-master\\vendor\\laravel\\framework\\src\\Illuminate\\Foundation\\Bootstrap\\BootProviders.php(17): Illuminate\\Foundation\\Application->boot()
#23 C:\\Users\\alejo\\OneDrive\\Escritorio\\laravel6_register_login_roles-master\\vendor\\laravel\\framework\\src\\Illuminate\\Foundation\\Application.php(219): Illuminate\\Foundation\\Bootstrap\\BootProviders->bootstrap(Object(Illuminate\\Foundation\\Application))
#24 C:\\Users\\alejo\\OneDrive\\Escritorio\\laravel6_register_login_roles-master\\vendor\\laravel\\framework\\src\\Illuminate\\Foundation\\Console\\Kernel.php(320): Illuminate\\Foundation\\Application->bootstrapWith(Array)
#25 C:\\Users\\alejo\\OneDrive\\Escritorio\\laravel6_register_login_roles-master\\vendor\\laravel\\framework\\src\\Illuminate\\Foundation\\Console\\Kernel.php(129): Illuminate\\Foundation\\Console\\Kernel->bootstrap()
#26 C:\\Users\\alejo\\OneDrive\\Escritorio\\laravel6_register_login_roles-master\\artisan(37): Illuminate\\Foundation\\Console\\Kernel->handle(Object(Symfony\\Component\\Console\\Input\\ArgvInput), Object(Symfony\\Component\\Console\\Output\\ConsoleOutput))
#27 {main}
"} 
